Start testing: Jul 31 20:31 IDT
----------------------------------------------------------
1/93 Testing: angle_harmonic-fixed
1/93 Test: angle_harmonic-fixed
Command: "/home/omrish/Documents/לימודים/LBT-Jeromes_lab/colvars/build/tests/functional/run_colvars_test" "angle_harmonic-fixed/test.in" "trajectory.xyz"
Directory: /home/omrish/Documents/לימודים/LBT-Jeromes_lab/colvars/build/tests/functional
"angle_harmonic-fixed" start time: Jul 31 20:31 IDT
Output:
----------------------------------------------------------
colvars: ----------------------------------------------------------------------
colvars: Initializing the collective variables module, version 2025-05-12.
colvars: Please cite Fiorin et al, Mol Phys 2013:
  https://doi.org/10.1080/00268976.2013.813594
as well as all other papers listed below for individual features used.
colvars: Summary of compile-time features available in this build:
colvars:   - C++ language version: 201103
colvars:   - Multiple replicas: not available
colvars:   - Lepton custom functions: not available
colvars:   - Tcl interpreter: not available
colvars: Using minimal testing interface.
colvars: ----------------------------------------------------------------------
colvars: Reading new configuration from file "angle_harmonic-fixed/test.in":
colvars: # units = "" [default]
colvars: # indexFile = "index.ndx"
colvars: The following index groups are currently defined:
colvars:   Protein (104 atoms)
colvars:   Protein_noH (51 atoms)
colvars:   Protein_Backbone (40 atoms)
colvars:   Protein_C-alpha (10 atoms)
colvars:   RMSD_atoms (10 atoms)
colvars:   Protein_C-alpha_1_2 (2 atoms)
colvars:   Protein_C-alpha_9_10 (2 atoms)
colvars:   Protein_C-alpha_1 (1 atoms)
colvars:   group1 (4 atoms)
colvars:   Protein_C-alpha_2 (1 atoms)
colvars:   group2 (4 atoms)
colvars:   Protein_C-alpha_3 (1 atoms)
colvars:   group3 (4 atoms)
colvars:   Protein_C-alpha_4 (1 atoms)
colvars:   group4 (4 atoms)
colvars:   Protein_C-alpha_5 (1 atoms)
colvars:   group5 (4 atoms)
colvars:   Protein_C-alpha_6 (1 atoms)
colvars:   group6 (4 atoms)
colvars:   Protein_C-alpha_7 (1 atoms)
colvars:   group7 (4 atoms)
colvars:   Protein_C-alpha_8 (1 atoms)
colvars:   group8 (4 atoms)
colvars:   Protein_C-alpha_9 (1 atoms)
colvars:   group9 (4 atoms)
colvars:   Protein_C-alpha_10 (1 atoms)
colvars:   group10 (4 atoms)
colvars:   heavy_atoms (51 atoms)
colvars:   prot_N (10 atoms)
colvars:   prot_CA (10 atoms)
colvars:   prot_C (10 atoms)
colvars:   prot_O (10 atoms)
colvars: # smp = "cvcs" [default]
colvars: SMP parallelism will be applied to Colvars components.
colvars:   - SMP parallelism: enabled (num. threads = 8)
colvars: # colvarsTrajFrequency = 1
colvars: # colvarsRestartFrequency = 10
colvars: # scriptedColvarForces = off [default]
colvars: # scriptingAfterBiases = off [default]
colvars: ----------------------------------------------------------------------
colvars:   Initializing a new collective variable.
colvars:   # name = "one"
colvars:     Initializing a new "angle" component.
colvars:     # name = "" [default]
colvars:     # componentCoeff = 1 [default]
colvars:     # componentExp = 1 [default]
colvars:     # period = 0 [default]
colvars:     # wrapAround = 0 [default]
colvars:     # forceNoPBC = off [default]
colvars:     # scalable = on [default]
colvars:       Initializing atom group "group1".
colvars:       # name = "" [default]
colvars:       # centerToOrigin = off [default]
colvars:       # centerToReference = off [default]
colvars:       # rotateToReference = off [default]
colvars:       # atomsOfGroup = "" [default]
colvars:       # indexGroup = "group1"
colvars:       # psfSegID =  [default]
colvars:       # atomsFile = "" [default]
colvars:       # dummyAtom = ( 0 , 0 , 0 ) [default]
colvars:       # enableFitGradients = on [default]
colvars:       # printAtomIDs = off [default]
colvars:       Atom group "group1" defined with 4 atoms requested: total mass = 4, total charge = 0.
colvars:       Initializing atom group "group2".
colvars:       # name = "" [default]
colvars:       # centerToOrigin = off [default]
colvars:       # centerToReference = off [default]
colvars:       # rotateToReference = off [default]
colvars:       # atomsOfGroup = "" [default]
colvars:       # indexGroup = "group2"
colvars:       # psfSegID =  [default]
colvars:       # atomsFile = "" [default]
colvars:       # dummyAtom = ( 0 , 0 , 0 ) [default]
colvars:       # enableFitGradients = on [default]
colvars:       # printAtomIDs = off [default]
colvars:       Atom group "group2" defined with 4 atoms requested: total mass = 4, total charge = 0.
colvars:       Initializing atom group "group3".
colvars:       # name = "" [default]
colvars:       # centerToOrigin = off [default]
colvars:       # centerToReference = off [default]
colvars:       # rotateToReference = off [default]
colvars:       # atomsOfGroup = "" [default]
colvars:       # indexGroup = "group3"
colvars:       # psfSegID =  [default]
colvars:       # atomsFile = "" [default]
colvars:       # dummyAtom = ( 0 , 0 , 0 ) [default]
colvars:       # enableFitGradients = on [default]
colvars:       # printAtomIDs = off [default]
colvars:       Atom group "group3" defined with 4 atoms requested: total mass = 4, total charge = 0.
colvars:     # oneSiteSystemForce = off [default]
colvars:     # oneSiteTotalForce = off [default]
colvars:   All components initialized.
colvars:   # timeStepFactor = 1 [default]
colvars:   # width = 0.5
colvars:   # lowerBoundary = 0 [default]
colvars:   # upperBoundary = 180 [default]
colvars:   # hardLowerBoundary = on [default]
colvars:   # hardUpperBoundary = on [default]
colvars:   # expandBoundaries = off [default]
colvars:   # extendedLagrangian = off [default]
colvars:   # outputValue = on [default]
colvars:   # outputVelocity = off [default]
colvars:   # outputTotalForce = off [default]
colvars:   # outputAppliedForce = on
colvars:   # subtractAppliedForce = off [default]
colvars:   # runAve = off [default]
colvars:   # corrFunc = off [default]
colvars: ----------------------------------------------------------------------
colvars: Collective variables initialized, 1 in total.
colvars: ----------------------------------------------------------------------
colvars:   Initializing a new "harmonic" instance.
colvars:   # name = "harmonic1" [default]
colvars:   # colvars = { one }
colvars:   # stepZeroData = off [default]
colvars:   # outputEnergy = off [default]
colvars:   # outputFreq = 10 [default]
colvars:   # timeStepFactor = 1 [default]
colvars:   # writeTISamples = off [default]
colvars:   # writeTIPMF = off [default]
colvars:   # centers = { 0.1 }
colvars:   # targetCenters = { 0.1 } [default]
colvars:   # outputCenters = off [default]
colvars:   # forceConstant = 0.001
colvars:   # decoupling = off [default]
colvars:   # targetForceConstant = -1 [default]
colvars:   The force constant for colvar "one" will be rescaled to 0.004 according to the specified width (0.5).
colvars: ----------------------------------------------------------------------
colvars: Collective variables biases initialized, 1 in total.
colvars: ----------------------------------------------------------------------
colvars: Collective variables module (re)initialized.
colvars: ----------------------------------------------------------------------
colvars: Reading trajectory for 104 atoms from XYZ file trajectory.xyz
colvars: Warning: beginning from 2019-11-26 the XYZ file reader assumes Angstrom units.
colvars: Frame 1
colvars: Frame 2
colvars: Frame 3
colvars: Frame 4
colvars: Frame 5
colvars: Done
colvars: Input files read during this test:
colvars:   angle_harmonic-fixed/test.in index.ndx trajectory.xyz
<end of output>
Test time =   0.02 sec
----------------------------------------------------------
Test Passed.
"angle_harmonic-fixed" end time: Jul 31 20:31 IDT
"angle_harmonic-fixed" time elapsed: 00:00:00
----------------------------------------------------------

2/93 Testing: coordnum-aniso-pairlist_harmonic-fixed
2/93 Test: coordnum-aniso-pairlist_harmonic-fixed
Command: "/home/omrish/Documents/לימודים/LBT-Jeromes_lab/colvars/build/tests/functional/run_colvars_test" "coordnum-aniso-pairlist_harmonic-fixed/test.in" "trajectory.xyz"
Directory: /home/omrish/Documents/לימודים/LBT-Jeromes_lab/colvars/build/tests/functional
"coordnum-aniso-pairlist_harmonic-fixed" start time: Jul 31 20:31 IDT
Output:
----------------------------------------------------------
colvars: ----------------------------------------------------------------------
colvars: Initializing the collective variables module, version 2025-05-12.
colvars: Please cite Fiorin et al, Mol Phys 2013:
  https://doi.org/10.1080/00268976.2013.813594
as well as all other papers listed below for individual features used.
colvars: Summary of compile-time features available in this build:
colvars:   - C++ language version: 201103
colvars:   - Multiple replicas: not available
colvars:   - Lepton custom functions: not available
colvars:   - Tcl interpreter: not available
colvars: Using minimal testing interface.
colvars: ----------------------------------------------------------------------
colvars: Reading new configuration from file "coordnum-aniso-pairlist_harmonic-fixed/test.in":
colvars: # units = "" [default]
colvars: # indexFile = "index.ndx"
colvars: The following index groups are currently defined:
colvars:   Protein (104 atoms)
colvars:   Protein_noH (51 atoms)
colvars:   Protein_Backbone (40 atoms)
colvars:   Protein_C-alpha (10 atoms)
colvars:   RMSD_atoms (10 atoms)
colvars:   Protein_C-alpha_1_2 (2 atoms)
colvars:   Protein_C-alpha_9_10 (2 atoms)
colvars:   Protein_C-alpha_1 (1 atoms)
colvars:   group1 (4 atoms)
colvars:   Protein_C-alpha_2 (1 atoms)
colvars:   group2 (4 atoms)
colvars:   Protein_C-alpha_3 (1 atoms)
colvars:   group3 (4 atoms)
colvars:   Protein_C-alpha_4 (1 atoms)
colvars:   group4 (4 atoms)
colvars:   Protein_C-alpha_5 (1 atoms)
colvars:   group5 (4 atoms)
colvars:   Protein_C-alpha_6 (1 atoms)
colvars:   group6 (4 atoms)
colvars:   Protein_C-alpha_7 (1 atoms)
colvars:   group7 (4 atoms)
colvars:   Protein_C-alpha_8 (1 atoms)
colvars:   group8 (4 atoms)
colvars:   Protein_C-alpha_9 (1 atoms)
colvars:   group9 (4 atoms)
colvars:   Protein_C-alpha_10 (1 atoms)
colvars:   group10 (4 atoms)
colvars:   heavy_atoms (51 atoms)
colvars:   prot_N (10 atoms)
colvars:   prot_CA (10 atoms)
colvars:   prot_C (10 atoms)
colvars:   prot_O (10 atoms)
colvars: # smp = "cvcs" [default]
colvars: SMP parallelism will be applied to Colvars components.
colvars:   - SMP parallelism: enabled (num. threads = 8)
colvars: # colvarsTrajFrequency = 1
colvars: # colvarsRestartFrequency = 10
colvars: # scriptedColvarForces = off [default]
colvars: # scriptingAfterBiases = off [default]
colvars: ----------------------------------------------------------------------
colvars:   Initializing a new collective variable.
colvars:   # name = "one"
colvars:     Initializing a new "coordNum" component.
colvars:     # name = "" [default]
colvars:     # componentCoeff = 1 [default]
colvars:     # componentExp = 1 [default]
colvars:     # period = 0 [default]
colvars:     # wrapAround = 0 [default]
colvars:     # forceNoPBC = off [default]
colvars:     # scalable = on [default]
colvars:       Initializing atom group "group1".
colvars:       # name = "" [default]
colvars:       # centerToOrigin = off [default]
colvars:       # centerToReference = off [default]
colvars:       # rotateToReference = off [default]
colvars:       # atomsOfGroup = "" [default]
colvars:       # indexGroup = "group1"
colvars:       # psfSegID =  [default]
colvars:       # atomsFile = "" [default]
colvars:       # dummyAtom = ( 0 , 0 , 0 ) [default]
colvars:       # enableFitGradients = on [default]
colvars:       # printAtomIDs = off [default]
colvars:       Atom group "group1" defined with 4 atoms requested: total mass = 4, total charge = 0.
colvars:       Initializing atom group "group2".
colvars:       # name = "" [default]
colvars:       # centerToOrigin = off [default]
colvars:       # centerToReference = off [default]
colvars:       # rotateToReference = off [default]
colvars:       # atomsOfGroup = "" [default]
colvars:       # indexGroup = "group2"
colvars:       # psfSegID =  [default]
colvars:       # atomsFile = "" [default]
colvars:       # dummyAtom = ( 0 , 0 , 0 ) [default]
colvars:       # enableFitGradients = on [default]
colvars:       # printAtomIDs = off [default]
colvars:       Atom group "group2" defined with 4 atoms requested: total mass = 4, total charge = 0.
colvars:     # cutoff = 4 [default]
colvars:     # cutoff3 = ( 0.3 , 0.6 , 0.4 )
colvars:     # expNumer = 6 [default]
colvars:     # expDenom = 12 [default]
colvars:     # group2CenterOnly = off [default]
colvars:     # tolerance = 0.01
colvars:     # pairListFrequency = 2
colvars:   All components initialized.
colvars:   # timeStepFactor = 1 [default]
colvars:   # width = 0.5
colvars:   # lowerBoundary = 0 [default]
colvars:   # upperBoundary = 16 [default]
colvars:   # hardLowerBoundary = on [default]
colvars:   # hardUpperBoundary = on [default]
colvars:   # expandBoundaries = off [default]
colvars:   # extendedLagrangian = off [default]
colvars:   # outputValue = on [default]
colvars:   # outputVelocity = off [default]
colvars:   # outputTotalForce = off [default]
colvars:   # outputAppliedForce = on
colvars:   # subtractAppliedForce = off [default]
colvars:   # runAve = off [default]
colvars:   # corrFunc = off [default]
colvars: ----------------------------------------------------------------------
colvars: Collective variables initialized, 1 in total.
colvars: ----------------------------------------------------------------------
colvars:   Initializing a new "harmonic" instance.
colvars:   # name = "harmonic1" [default]
colvars:   # colvars = { one }
colvars:   # stepZeroData = off [default]
colvars:   # outputEnergy = off [default]
colvars:   # outputFreq = 10 [default]
colvars:   # timeStepFactor = 1 [default]
colvars:   # writeTISamples = off [default]
colvars:   # writeTIPMF = off [default]
colvars:   # centers = { 0.1 }
colvars:   # targetCenters = { 0.1 } [default]
colvars:   # outputCenters = off [default]
colvars:   # forceConstant = 0.001
colvars:   # decoupling = off [default]
colvars:   # targetForceConstant = -1 [default]
colvars:   The force constant for colvar "one" will be rescaled to 0.004 according to the specified width (0.5).
colvars: ----------------------------------------------------------------------
colvars: Collective variables biases initialized, 1 in total.
colvars: ----------------------------------------------------------------------
colvars: Collective variables module (re)initialized.
colvars: ----------------------------------------------------------------------
colvars: Reading trajectory for 104 atoms from XYZ file trajectory.xyz
colvars: Warning: beginning from 2019-11-26 the XYZ file reader assumes Angstrom units.
colvars: Frame 1
colvars: Frame 2
colvars: Frame 3
colvars: Frame 4
colvars: Frame 5
colvars: Done
colvars: Input files read during this test:
colvars:   coordnum-aniso-pairlist_harmonic-fixed/test.in index.ndx trajectory.xyz
<end of output>
Test time =   0.01 sec
----------------------------------------------------------
Test Passed.
"coordnum-aniso-pairlist_harmonic-fixed" end time: Jul 31 20:31 IDT
"coordnum-aniso-pairlist_harmonic-fixed" time elapsed: 00:00:00
----------------------------------------------------------

3/93 Testing: coordnum-aniso_harmonic-fixed
3/93 Test: coordnum-aniso_harmonic-fixed
Command: "/home/omrish/Documents/לימודים/LBT-Jeromes_lab/colvars/build/tests/functional/run_colvars_test" "coordnum-aniso_harmonic-fixed/test.in" "trajectory.xyz"
Directory: /home/omrish/Documents/לימודים/LBT-Jeromes_lab/colvars/build/tests/functional
"coordnum-aniso_harmonic-fixed" start time: Jul 31 20:31 IDT
Output:
----------------------------------------------------------
colvars: ----------------------------------------------------------------------
colvars: Initializing the collective variables module, version 2025-05-12.
colvars: Please cite Fiorin et al, Mol Phys 2013:
  https://doi.org/10.1080/00268976.2013.813594
as well as all other papers listed below for individual features used.
colvars: Summary of compile-time features available in this build:
colvars:   - C++ language version: 201103
colvars:   - Multiple replicas: not available
colvars:   - Lepton custom functions: not available
colvars:   - Tcl interpreter: not available
colvars: Using minimal testing interface.
colvars: ----------------------------------------------------------------------
colvars: Reading new configuration from file "coordnum-aniso_harmonic-fixed/test.in":
colvars: # units = "" [default]
colvars: # indexFile = "index.ndx"
colvars: The following index groups are currently defined:
colvars:   Protein (104 atoms)
colvars:   Protein_noH (51 atoms)
colvars:   Protein_Backbone (40 atoms)
colvars:   Protein_C-alpha (10 atoms)
colvars:   RMSD_atoms (10 atoms)
colvars:   Protein_C-alpha_1_2 (2 atoms)
colvars:   Protein_C-alpha_9_10 (2 atoms)
colvars:   Protein_C-alpha_1 (1 atoms)
colvars:   group1 (4 atoms)
colvars:   Protein_C-alpha_2 (1 atoms)
colvars:   group2 (4 atoms)
colvars:   Protein_C-alpha_3 (1 atoms)
colvars:   group3 (4 atoms)
colvars:   Protein_C-alpha_4 (1 atoms)
colvars:   group4 (4 atoms)
colvars:   Protein_C-alpha_5 (1 atoms)
colvars:   group5 (4 atoms)
colvars:   Protein_C-alpha_6 (1 atoms)
colvars:   group6 (4 atoms)
colvars:   Protein_C-alpha_7 (1 atoms)
colvars:   group7 (4 atoms)
colvars:   Protein_C-alpha_8 (1 atoms)
colvars:   group8 (4 atoms)
colvars:   Protein_C-alpha_9 (1 atoms)
colvars:   group9 (4 atoms)
colvars:   Protein_C-alpha_10 (1 atoms)
colvars:   group10 (4 atoms)
colvars:   heavy_atoms (51 atoms)
colvars:   prot_N (10 atoms)
colvars:   prot_CA (10 atoms)
colvars:   prot_C (10 atoms)
colvars:   prot_O (10 atoms)
colvars: # smp = "cvcs" [default]
colvars: SMP parallelism will be applied to Colvars components.
colvars:   - SMP parallelism: enabled (num. threads = 8)
colvars: # colvarsTrajFrequency = 1
colvars: # colvarsRestartFrequency = 10
colvars: # scriptedColvarForces = off [default]
colvars: # scriptingAfterBiases = off [default]
colvars: ----------------------------------------------------------------------
colvars:   Initializing a new collective variable.
colvars:   # name = "one"
colvars:     Initializing a new "coordNum" component.
colvars:     # name = "" [default]
colvars:     # componentCoeff = 1 [default]
colvars:     # componentExp = 1 [default]
colvars:     # period = 0 [default]
colvars:     # wrapAround = 0 [default]
colvars:     # forceNoPBC = off [default]
colvars:     # scalable = on [default]
colvars:       Initializing atom group "group1".
colvars:       # name = "" [default]
colvars:       # centerToOrigin = off [default]
colvars:       # centerToReference = off [default]
colvars:       # rotateToReference = off [default]
colvars:       # atomsOfGroup = "" [default]
colvars:       # indexGroup = "group1"
colvars:       # psfSegID =  [default]
colvars:       # atomsFile = "" [default]
colvars:       # dummyAtom = ( 0 , 0 , 0 ) [default]
colvars:       # enableFitGradients = on [default]
colvars:       # printAtomIDs = off [default]
colvars:       Atom group "group1" defined with 4 atoms requested: total mass = 4, total charge = 0.
colvars:       Initializing atom group "group2".
colvars:       # name = "" [default]
colvars:       # centerToOrigin = off [default]
colvars:       # centerToReference = off [default]
colvars:       # rotateToReference = off [default]
colvars:       # atomsOfGroup = "" [default]
colvars:       # indexGroup = "group2"
colvars:       # psfSegID =  [default]
colvars:       # atomsFile = "" [default]
colvars:       # dummyAtom = ( 0 , 0 , 0 ) [default]
colvars:       # enableFitGradients = on [default]
colvars:       # printAtomIDs = off [default]
colvars:       Atom group "group2" defined with 4 atoms requested: total mass = 4, total charge = 0.
colvars:     # cutoff = 4 [default]
colvars:     # cutoff3 = ( 0.3 , 0.6 , 0.4 )
colvars:     # expNumer = 6 [default]
colvars:     # expDenom = 12 [default]
colvars:     # group2CenterOnly = off [default]
colvars:     # tolerance = 0 [default]
colvars:   All components initialized.
colvars:   # timeStepFactor = 1 [default]
colvars:   # width = 0.5
colvars:   # lowerBoundary = 0 [default]
colvars:   # upperBoundary = 16 [default]
colvars:   # hardLowerBoundary = on [default]
colvars:   # hardUpperBoundary = on [default]
colvars:   # expandBoundaries = off [default]
colvars:   # extendedLagrangian = off [default]
colvars:   # outputValue = on [default]
colvars:   # outputVelocity = off [default]
colvars:   # outputTotalForce = off [default]
colvars:   # outputAppliedForce = on
colvars:   # subtractAppliedForce = off [default]
colvars:   # runAve = off [default]
colvars:   # corrFunc = off [default]
colvars: ----------------------------------------------------------------------
colvars: Collective variables initialized, 1 in total.
colvars: ----------------------------------------------------------------------
colvars:   Initializing a new "harmonic" instance.
colvars:   # name = "harmonic1" [default]
colvars:   # colvars = { one }
colvars:   # stepZeroData = off [default]
colvars:   # outputEnergy = off [default]
colvars:   # outputFreq = 10 [default]
colvars:   # timeStepFactor = 1 [default]
colvars:   # writeTISamples = off [default]
colvars:   # writeTIPMF = off [default]
colvars:   # centers = { 0.1 }
colvars:   # targetCenters = { 0.1 } [default]
colvars:   # outputCenters = off [default]
colvars:   # forceConstant = 0.001
colvars:   # decoupling = off [default]
colvars:   # targetForceConstant = -1 [default]
colvars:   The force constant for colvar "one" will be rescaled to 0.004 according to the specified width (0.5).
colvars: ----------------------------------------------------------------------
colvars: Collective variables biases initialized, 1 in total.
colvars: ----------------------------------------------------------------------
colvars: Collective variables module (re)initialized.
colvars: ----------------------------------------------------------------------
colvars: Reading trajectory for 104 atoms from XYZ file trajectory.xyz
colvars: Warning: beginning from 2019-11-26 the XYZ file reader assumes Angstrom units.
colvars: Frame 1
colvars: Frame 2
colvars: Frame 3
colvars: Frame 4
colvars: Frame 5
colvars: Done
colvars: Input files read during this test:
colvars:   coordnum-aniso_harmonic-fixed/test.in index.ndx trajectory.xyz
<end of output>
Test time =   0.01 sec
----------------------------------------------------------
Test Passed.
"coordnum-aniso_harmonic-fixed" end time: Jul 31 20:31 IDT
"coordnum-aniso_harmonic-fixed" time elapsed: 00:00:00
----------------------------------------------------------

4/93 Testing: coordnum-group2centeronly_harmonic-fixed
4/93 Test: coordnum-group2centeronly_harmonic-fixed
Command: "/home/omrish/Documents/לימודים/LBT-Jeromes_lab/colvars/build/tests/functional/run_colvars_test" "coordnum-group2centeronly_harmonic-fixed/test.in" "trajectory.xyz"
Directory: /home/omrish/Documents/לימודים/LBT-Jeromes_lab/colvars/build/tests/functional
"coordnum-group2centeronly_harmonic-fixed" start time: Jul 31 20:31 IDT
Output:
----------------------------------------------------------
colvars: ----------------------------------------------------------------------
colvars: Initializing the collective variables module, version 2025-05-12.
colvars: Please cite Fiorin et al, Mol Phys 2013:
  https://doi.org/10.1080/00268976.2013.813594
as well as all other papers listed below for individual features used.
colvars: Summary of compile-time features available in this build:
colvars:   - C++ language version: 201103
colvars:   - Multiple replicas: not available
colvars:   - Lepton custom functions: not available
colvars:   - Tcl interpreter: not available
colvars: Using minimal testing interface.
colvars: ----------------------------------------------------------------------
colvars: Reading new configuration from file "coordnum-group2centeronly_harmonic-fixed/test.in":
colvars: # units = "" [default]
colvars: # indexFile = "index.ndx"
colvars: The following index groups are currently defined:
colvars:   Protein (104 atoms)
colvars:   Protein_noH (51 atoms)
colvars:   Protein_Backbone (40 atoms)
colvars:   Protein_C-alpha (10 atoms)
colvars:   RMSD_atoms (10 atoms)
colvars:   Protein_C-alpha_1_2 (2 atoms)
colvars:   Protein_C-alpha_9_10 (2 atoms)
colvars:   Protein_C-alpha_1 (1 atoms)
colvars:   group1 (4 atoms)
colvars:   Protein_C-alpha_2 (1 atoms)
colvars:   group2 (4 atoms)
colvars:   Protein_C-alpha_3 (1 atoms)
colvars:   group3 (4 atoms)
colvars:   Protein_C-alpha_4 (1 atoms)
colvars:   group4 (4 atoms)
colvars:   Protein_C-alpha_5 (1 atoms)
colvars:   group5 (4 atoms)
colvars:   Protein_C-alpha_6 (1 atoms)
colvars:   group6 (4 atoms)
colvars:   Protein_C-alpha_7 (1 atoms)
colvars:   group7 (4 atoms)
colvars:   Protein_C-alpha_8 (1 atoms)
colvars:   group8 (4 atoms)
colvars:   Protein_C-alpha_9 (1 atoms)
colvars:   group9 (4 atoms)
colvars:   Protein_C-alpha_10 (1 atoms)
colvars:   group10 (4 atoms)
colvars:   heavy_atoms (51 atoms)
colvars:   prot_N (10 atoms)
colvars:   prot_CA (10 atoms)
colvars:   prot_C (10 atoms)
colvars:   prot_O (10 atoms)
colvars: # smp = "cvcs" [default]
colvars: SMP parallelism will be applied to Colvars components.
colvars:   - SMP parallelism: enabled (num. threads = 8)
colvars: # colvarsTrajFrequency = 1
colvars: # colvarsRestartFrequency = 10
colvars: # scriptedColvarForces = off [default]
colvars: # scriptingAfterBiases = off [default]
colvars: ----------------------------------------------------------------------
colvars:   Initializing a new collective variable.
colvars:   # name = "one"
colvars:     Initializing a new "coordNum" component.
colvars:     # name = "" [default]
colvars:     # componentCoeff = 1 [default]
colvars:     # componentExp = 1 [default]
colvars:     # period = 0 [default]
colvars:     # wrapAround = 0 [default]
colvars:     # forceNoPBC = off [default]
colvars:     # scalable = on [default]
colvars:       Initializing atom group "group1".
colvars:       # name = "" [default]
colvars:       # centerToOrigin = off [default]
colvars:       # centerToReference = off [default]
colvars:       # rotateToReference = off [default]
colvars:       # atomsOfGroup = "" [default]
colvars:       # indexGroup = "group1"
colvars:       # psfSegID =  [default]
colvars:       # atomsFile = "" [default]
colvars:       # dummyAtom = ( 0 , 0 , 0 ) [default]
colvars:       # enableFitGradients = on [default]
colvars:       # printAtomIDs = off [default]
colvars:       Atom group "group1" defined with 4 atoms requested: total mass = 4, total charge = 0.
colvars:       Initializing atom group "group2".
colvars:       # name = "" [default]
colvars:       # centerToOrigin = off [default]
colvars:       # centerToReference = off [default]
colvars:       # rotateToReference = off [default]
colvars:       # atomsOfGroup = "" [default]
colvars:       # indexGroup = "group2"
colvars:       # psfSegID =  [default]
colvars:       # atomsFile = "" [default]
colvars:       # dummyAtom = ( 0 , 0 , 0 ) [default]
colvars:       # enableFitGradients = on [default]
colvars:       # printAtomIDs = off [default]
colvars:       Atom group "group2" defined with 4 atoms requested: total mass = 4, total charge = 0.
colvars:     # cutoff = 4 [default]
colvars:     # cutoff3 = ( 4 , 4 , 4 ) [default]
colvars:     # expNumer = 6 [default]
colvars:     # expDenom = 12 [default]
colvars:     # group2CenterOnly = on
colvars:     # tolerance = 0 [default]
colvars:   All components initialized.
colvars:   # timeStepFactor = 1 [default]
colvars:   # width = 0.5
colvars:   # lowerBoundary = 0 [default]
colvars:   # upperBoundary = 4 [default]
colvars:   # hardLowerBoundary = on [default]
colvars:   # hardUpperBoundary = on [default]
colvars:   # expandBoundaries = off [default]
colvars:   # extendedLagrangian = off [default]
colvars:   # outputValue = on [default]
colvars:   # outputVelocity = off [default]
colvars:   # outputTotalForce = off [default]
colvars:   # outputAppliedForce = on
colvars:   # subtractAppliedForce = off [default]
colvars:   # runAve = off [default]
colvars:   # corrFunc = off [default]
colvars: ----------------------------------------------------------------------
colvars: Collective variables initialized, 1 in total.
colvars: ----------------------------------------------------------------------
colvars:   Initializing a new "harmonic" instance.
colvars:   # name = "harmonic1" [default]
colvars:   # colvars = { one }
colvars:   # stepZeroData = off [default]
colvars:   # outputEnergy = off [default]
colvars:   # outputFreq = 10 [default]
colvars:   # timeStepFactor = 1 [default]
colvars:   # writeTISamples = off [default]
colvars:   # writeTIPMF = off [default]
colvars:   # centers = { 0.1 }
colvars:   # targetCenters = { 0.1 } [default]
colvars:   # outputCenters = off [default]
colvars:   # forceConstant = 0.001
colvars:   # decoupling = off [default]
colvars:   # targetForceConstant = -1 [default]
colvars:   The force constant for colvar "one" will be rescaled to 0.004 according to the specified width (0.5).
colvars: ----------------------------------------------------------------------
colvars: Collective variables biases initialized, 1 in total.
colvars: ----------------------------------------------------------------------
colvars: Collective variables module (re)initialized.
colvars: ----------------------------------------------------------------------
colvars: Reading trajectory for 104 atoms from XYZ file trajectory.xyz
colvars: Warning: beginning from 2019-11-26 the XYZ file reader assumes Angstrom units.
colvars: Frame 1
colvars: Frame 2
colvars: Frame 3
colvars: Frame 4
colvars: Frame 5
colvars: Done
colvars: Input files read during this test:
colvars:   coordnum-group2centeronly_harmonic-fixed/test.in index.ndx trajectory.xyz
<end of output>
Test time =   0.00 sec
----------------------------------------------------------
Test Passed.
"coordnum-group2centeronly_harmonic-fixed" end time: Jul 31 20:31 IDT
"coordnum-group2centeronly_harmonic-fixed" time elapsed: 00:00:00
----------------------------------------------------------

5/93 Testing: coordnum-pairlist_harmonic-fixed
5/93 Test: coordnum-pairlist_harmonic-fixed
Command: "/home/omrish/Documents/לימודים/LBT-Jeromes_lab/colvars/build/tests/functional/run_colvars_test" "coordnum-pairlist_harmonic-fixed/test.in" "trajectory.xyz"
Directory: /home/omrish/Documents/לימודים/LBT-Jeromes_lab/colvars/build/tests/functional
"coordnum-pairlist_harmonic-fixed" start time: Jul 31 20:31 IDT
Output:
----------------------------------------------------------
colvars: ----------------------------------------------------------------------
colvars: Initializing the collective variables module, version 2025-05-12.
colvars: Please cite Fiorin et al, Mol Phys 2013:
  https://doi.org/10.1080/00268976.2013.813594
as well as all other papers listed below for individual features used.
colvars: Summary of compile-time features available in this build:
colvars:   - C++ language version: 201103
colvars:   - Multiple replicas: not available
colvars:   - Lepton custom functions: not available
colvars:   - Tcl interpreter: not available
colvars: Using minimal testing interface.
colvars: ----------------------------------------------------------------------
colvars: Reading new configuration from file "coordnum-pairlist_harmonic-fixed/test.in":
colvars: # units = "" [default]
colvars: # indexFile = "index.ndx"
colvars: The following index groups are currently defined:
colvars:   Protein (104 atoms)
colvars:   Protein_noH (51 atoms)
colvars:   Protein_Backbone (40 atoms)
colvars:   Protein_C-alpha (10 atoms)
colvars:   RMSD_atoms (10 atoms)
colvars:   Protein_C-alpha_1_2 (2 atoms)
colvars:   Protein_C-alpha_9_10 (2 atoms)
colvars:   Protein_C-alpha_1 (1 atoms)
colvars:   group1 (4 atoms)
colvars:   Protein_C-alpha_2 (1 atoms)
colvars:   group2 (4 atoms)
colvars:   Protein_C-alpha_3 (1 atoms)
colvars:   group3 (4 atoms)
colvars:   Protein_C-alpha_4 (1 atoms)
colvars:   group4 (4 atoms)
colvars:   Protein_C-alpha_5 (1 atoms)
colvars:   group5 (4 atoms)
colvars:   Protein_C-alpha_6 (1 atoms)
colvars:   group6 (4 atoms)
colvars:   Protein_C-alpha_7 (1 atoms)
colvars:   group7 (4 atoms)
colvars:   Protein_C-alpha_8 (1 atoms)
colvars:   group8 (4 atoms)
colvars:   Protein_C-alpha_9 (1 atoms)
colvars:   group9 (4 atoms)
colvars:   Protein_C-alpha_10 (1 atoms)
colvars:   group10 (4 atoms)
colvars:   heavy_atoms (51 atoms)
colvars:   prot_N (10 atoms)
colvars:   prot_CA (10 atoms)
colvars:   prot_C (10 atoms)
colvars:   prot_O (10 atoms)
colvars: # smp = "cvcs" [default]
colvars: SMP parallelism will be applied to Colvars components.
colvars:   - SMP parallelism: enabled (num. threads = 8)
colvars: # colvarsTrajFrequency = 1
colvars: # colvarsRestartFrequency = 10
colvars: # scriptedColvarForces = off [default]
colvars: # scriptingAfterBiases = off [default]
colvars: ----------------------------------------------------------------------
colvars:   Initializing a new collective variable.
colvars:   # name = "one"
colvars:     Initializing a new "coordNum" component.
colvars:     # name = "" [default]
colvars:     # componentCoeff = 1 [default]
colvars:     # componentExp = 1 [default]
colvars:     # period = 0 [default]
colvars:     # wrapAround = 0 [default]
colvars:     # forceNoPBC = off [default]
colvars:     # scalable = on [default]
colvars:       Initializing atom group "group1".
colvars:       # name = "" [default]
colvars:       # centerToOrigin = off [default]
colvars:       # centerToReference = off [default]
colvars:       # rotateToReference = off [default]
colvars:       # atomsOfGroup = "" [default]
colvars:       # indexGroup = "group1"
colvars:       # psfSegID =  [default]
colvars:       # atomsFile = "" [default]
colvars:       # dummyAtom = ( 0 , 0 , 0 ) [default]
colvars:       # enableFitGradients = on [default]
colvars:       # printAtomIDs = off [default]
colvars:       Atom group "group1" defined with 4 atoms requested: total mass = 4, total charge = 0.
colvars:       Initializing atom group "group2".
colvars:       # name = "" [default]
colvars:       # centerToOrigin = off [default]
colvars:       # centerToReference = off [default]
colvars:       # rotateToReference = off [default]
colvars:       # atomsOfGroup = "" [default]
colvars:       # indexGroup = "group2"
colvars:       # psfSegID =  [default]
colvars:       # atomsFile = "" [default]
colvars:       # dummyAtom = ( 0 , 0 , 0 ) [default]
colvars:       # enableFitGradients = on [default]
colvars:       # printAtomIDs = off [default]
colvars:       Atom group "group2" defined with 4 atoms requested: total mass = 4, total charge = 0.
colvars:     # cutoff = 4 [default]
colvars:     # cutoff3 = ( 4 , 4 , 4 ) [default]
colvars:     # expNumer = 6 [default]
colvars:     # expDenom = 12 [default]
colvars:     # group2CenterOnly = off [default]
colvars:     # tolerance = 0.01
colvars:     # pairListFrequency = 2
colvars:   All components initialized.
colvars:   # timeStepFactor = 1 [default]
colvars:   # width = 0.5
colvars:   # lowerBoundary = 0 [default]
colvars:   # upperBoundary = 16 [default]
colvars:   # hardLowerBoundary = on [default]
colvars:   # hardUpperBoundary = on [default]
colvars:   # expandBoundaries = off [default]
colvars:   # extendedLagrangian = off [default]
colvars:   # outputValue = on [default]
colvars:   # outputVelocity = off [default]
colvars:   # outputTotalForce = off [default]
colvars:   # outputAppliedForce = on
colvars:   # subtractAppliedForce = off [default]
colvars:   # runAve = off [default]
colvars:   # corrFunc = off [default]
colvars: ----------------------------------------------------------------------
colvars: Collective variables initialized, 1 in total.
colvars: ----------------------------------------------------------------------
colvars:   Initializing a new "harmonic" instance.
colvars:   # name = "harmonic1" [default]
colvars:   # colvars = { one }
colvars:   # stepZeroData = off [default]
colvars:   # outputEnergy = off [default]
colvars:   # outputFreq = 10 [default]
colvars:   # timeStepFactor = 1 [default]
colvars:   # writeTISamples = off [default]
colvars:   # writeTIPMF = off [default]
colvars:   # centers = { 0.1 }
colvars:   # targetCenters = { 0.1 } [default]
colvars:   # outputCenters = off [default]
colvars:   # forceConstant = 0.001
colvars:   # decoupling = off [default]
colvars:   # targetForceConstant = -1 [default]
colvars:   The force constant for colvar "one" will be rescaled to 0.004 according to the specified width (0.5).
colvars: ----------------------------------------------------------------------
colvars: Collective variables biases initialized, 1 in total.
colvars: ----------------------------------------------------------------------
colvars: Collective variables module (re)initialized.
colvars: ----------------------------------------------------------------------
colvars: Reading trajectory for 104 atoms from XYZ file trajectory.xyz
colvars: Warning: beginning from 2019-11-26 the XYZ file reader assumes Angstrom units.
colvars: Frame 1
colvars: Frame 2
colvars: Frame 3
colvars: Frame 4
colvars: Frame 5
colvars: Done
colvars: Input files read during this test:
colvars:   coordnum-pairlist_harmonic-fixed/test.in index.ndx trajectory.xyz
<end of output>
Test time =   0.01 sec
----------------------------------------------------------
Test Passed.
"coordnum-pairlist_harmonic-fixed" end time: Jul 31 20:31 IDT
"coordnum-pairlist_harmonic-fixed" time elapsed: 00:00:00
----------------------------------------------------------

6/93 Testing: coordnum_harmonic-fixed
6/93 Test: coordnum_harmonic-fixed
Command: "/home/omrish/Documents/לימודים/LBT-Jeromes_lab/colvars/build/tests/functional/run_colvars_test" "coordnum_harmonic-fixed/test.in" "trajectory.xyz"
Directory: /home/omrish/Documents/לימודים/LBT-Jeromes_lab/colvars/build/tests/functional
"coordnum_harmonic-fixed" start time: Jul 31 20:31 IDT
Output:
----------------------------------------------------------
colvars: ----------------------------------------------------------------------
colvars: Initializing the collective variables module, version 2025-05-12.
colvars: Please cite Fiorin et al, Mol Phys 2013:
  https://doi.org/10.1080/00268976.2013.813594
as well as all other papers listed below for individual features used.
colvars: Summary of compile-time features available in this build:
colvars:   - C++ language version: 201103
colvars:   - Multiple replicas: not available
colvars:   - Lepton custom functions: not available
colvars:   - Tcl interpreter: not available
colvars: Using minimal testing interface.
colvars: ----------------------------------------------------------------------
colvars: Reading new configuration from file "coordnum_harmonic-fixed/test.in":
colvars: # units = "" [default]
colvars: # indexFile = "index.ndx"
colvars: The following index groups are currently defined:
colvars:   Protein (104 atoms)
colvars:   Protein_noH (51 atoms)
colvars:   Protein_Backbone (40 atoms)
colvars:   Protein_C-alpha (10 atoms)
colvars:   RMSD_atoms (10 atoms)
colvars:   Protein_C-alpha_1_2 (2 atoms)
colvars:   Protein_C-alpha_9_10 (2 atoms)
colvars:   Protein_C-alpha_1 (1 atoms)
colvars:   group1 (4 atoms)
colvars:   Protein_C-alpha_2 (1 atoms)
colvars:   group2 (4 atoms)
colvars:   Protein_C-alpha_3 (1 atoms)
colvars:   group3 (4 atoms)
colvars:   Protein_C-alpha_4 (1 atoms)
colvars:   group4 (4 atoms)
colvars:   Protein_C-alpha_5 (1 atoms)
colvars:   group5 (4 atoms)
colvars:   Protein_C-alpha_6 (1 atoms)
colvars:   group6 (4 atoms)
colvars:   Protein_C-alpha_7 (1 atoms)
colvars:   group7 (4 atoms)
colvars:   Protein_C-alpha_8 (1 atoms)
colvars:   group8 (4 atoms)
colvars:   Protein_C-alpha_9 (1 atoms)
colvars:   group9 (4 atoms)
colvars:   Protein_C-alpha_10 (1 atoms)
colvars:   group10 (4 atoms)
colvars:   heavy_atoms (51 atoms)
colvars:   prot_N (10 atoms)
colvars:   prot_CA (10 atoms)
colvars:   prot_C (10 atoms)
colvars:   prot_O (10 atoms)
colvars: # smp = "cvcs" [default]
colvars: SMP parallelism will be applied to Colvars components.
colvars:   - SMP parallelism: enabled (num. threads = 8)
colvars: # colvarsTrajFrequency = 1
colvars: # colvarsRestartFrequency = 10
colvars: # scriptedColvarForces = off [default]
colvars: # scriptingAfterBiases = off [default]
colvars: ----------------------------------------------------------------------
colvars:   Initializing a new collective variable.
colvars:   # name = "one"
colvars:     Initializing a new "coordNum" component.
colvars:     # name = "" [default]
colvars:     # componentCoeff = 1 [default]
colvars:     # componentExp = 1 [default]
colvars:     # period = 0 [default]
colvars:     # wrapAround = 0 [default]
colvars:     # forceNoPBC = off [default]
colvars:     # scalable = on [default]
colvars:       Initializing atom group "group1".
colvars:       # name = "" [default]
colvars:       # centerToOrigin = off [default]
colvars:       # centerToReference = off [default]
colvars:       # rotateToReference = off [default]
colvars:       # atomsOfGroup = "" [default]
colvars:       # indexGroup = "group1"
colvars:       # psfSegID =  [default]
colvars:       # atomsFile = "" [default]
colvars:       # dummyAtom = ( 0 , 0 , 0 ) [default]
colvars:       # enableFitGradients = on [default]
colvars:       # printAtomIDs = off [default]
colvars:       Atom group "group1" defined with 4 atoms requested: total mass = 4, total charge = 0.
colvars:       Initializing atom group "group2".
colvars:       # name = "" [default]
colvars:       # centerToOrigin = off [default]
colvars:       # centerToReference = off [default]
colvars:       # rotateToReference = off [default]
colvars:       # atomsOfGroup = "" [default]
colvars:       # indexGroup = "group2"
colvars:       # psfSegID =  [default]
colvars:       # atomsFile = "" [default]
colvars:       # dummyAtom = ( 0 , 0 , 0 ) [default]
colvars:       # enableFitGradients = on [default]
colvars:       # printAtomIDs = off [default]
colvars:       Atom group "group2" defined with 4 atoms requested: total mass = 4, total charge = 0.
colvars:     # cutoff = 4 [default]
colvars:     # cutoff3 = ( 4 , 4 , 4 ) [default]
colvars:     # expNumer = 6 [default]
colvars:     # expDenom = 12 [default]
colvars:     # group2CenterOnly = off [default]
colvars:     # tolerance = 0 [default]
colvars:   All components initialized.
colvars:   # timeStepFactor = 1 [default]
colvars:   # width = 0.5
colvars:   # lowerBoundary = 0 [default]
colvars:   # upperBoundary = 16 [default]
colvars:   # hardLowerBoundary = on [default]
colvars:   # hardUpperBoundary = on [default]
colvars:   # expandBoundaries = off [default]
colvars:   # extendedLagrangian = off [default]
colvars:   # outputValue = on [default]
colvars:   # outputVelocity = off [default]
colvars:   # outputTotalForce = off [default]
colvars:   # outputAppliedForce = on
colvars:   # subtractAppliedForce = off [default]
colvars:   # runAve = off [default]
colvars:   # corrFunc = off [default]
colvars: ----------------------------------------------------------------------
colvars: Collective variables initialized, 1 in total.
colvars: ----------------------------------------------------------------------
colvars:   Initializing a new "harmonic" instance.
colvars:   # name = "harmonic1" [default]
colvars:   # colvars = { one }
colvars:   # stepZeroData = off [default]
colvars:   # outputEnergy = off [default]
colvars:   # outputFreq = 10 [default]
colvars:   # timeStepFactor = 1 [default]
colvars:   # writeTISamples = off [default]
colvars:   # writeTIPMF = off [default]
colvars:   # centers = { 0.1 }
colvars:   # targetCenters = { 0.1 } [default]
colvars:   # outputCenters = off [default]
colvars:   # forceConstant = 0.001
colvars:   # decoupling = off [default]
colvars:   # targetForceConstant = -1 [default]
colvars:   The force constant for colvar "one" will be rescaled to 0.004 according to the specified width (0.5).
colvars: ----------------------------------------------------------------------
colvars: Collective variables biases initialized, 1 in total.
colvars: ----------------------------------------------------------------------
colvars: Collective variables module (re)initialized.
colvars: ----------------------------------------------------------------------
colvars: Reading trajectory for 104 atoms from XYZ file trajectory.xyz
colvars: Warning: beginning from 2019-11-26 the XYZ file reader assumes Angstrom units.
colvars: Frame 1
colvars: Frame 2
colvars: Frame 3
colvars: Frame 4
colvars: Frame 5
colvars: Done
colvars: Input files read during this test:
colvars:   coordnum_harmonic-fixed/test.in index.ndx trajectory.xyz
<end of output>
Test time =   0.00 sec
----------------------------------------------------------
Test Passed.
"coordnum_harmonic-fixed" end time: Jul 31 20:31 IDT
"coordnum_harmonic-fixed" time elapsed: 00:00:00
----------------------------------------------------------

7/93 Testing: customfunction_harmonic-fixed
7/93 Test: customfunction_harmonic-fixed
Command: "/home/omrish/Documents/לימודים/LBT-Jeromes_lab/colvars/build/tests/functional/run_colvars_test" "customfunction_harmonic-fixed/test.in" "trajectory.xyz"
Directory: /home/omrish/Documents/לימודים/LBT-Jeromes_lab/colvars/build/tests/functional
"customfunction_harmonic-fixed" start time: Jul 31 20:31 IDT
Output:
----------------------------------------------------------
colvars: ----------------------------------------------------------------------
colvars: Initializing the collective variables module, version 2025-05-12.
colvars: Please cite Fiorin et al, Mol Phys 2013:
  https://doi.org/10.1080/00268976.2013.813594
as well as all other papers listed below for individual features used.
colvars: Summary of compile-time features available in this build:
colvars:   - C++ language version: 201103
colvars:   - Multiple replicas: not available
colvars:   - Lepton custom functions: not available
colvars:   - Tcl interpreter: not available
colvars: Using minimal testing interface.
colvars: ----------------------------------------------------------------------
colvars: Reading new configuration from file "customfunction_harmonic-fixed/test.in":
colvars: # units = "" [default]
colvars: # indexFile = "index.ndx"
colvars: The following index groups are currently defined:
colvars:   Protein (104 atoms)
colvars:   Protein_noH (51 atoms)
colvars:   Protein_Backbone (40 atoms)
colvars:   Protein_C-alpha (10 atoms)
colvars:   RMSD_atoms (10 atoms)
colvars:   Protein_C-alpha_1_2 (2 atoms)
colvars:   Protein_C-alpha_9_10 (2 atoms)
colvars:   Protein_C-alpha_1 (1 atoms)
colvars:   group1 (4 atoms)
colvars:   Protein_C-alpha_2 (1 atoms)
colvars:   group2 (4 atoms)
colvars:   Protein_C-alpha_3 (1 atoms)
colvars:   group3 (4 atoms)
colvars:   Protein_C-alpha_4 (1 atoms)
colvars:   group4 (4 atoms)
colvars:   Protein_C-alpha_5 (1 atoms)
colvars:   group5 (4 atoms)
colvars:   Protein_C-alpha_6 (1 atoms)
colvars:   group6 (4 atoms)
colvars:   Protein_C-alpha_7 (1 atoms)
colvars:   group7 (4 atoms)
colvars:   Protein_C-alpha_8 (1 atoms)
colvars:   group8 (4 atoms)
colvars:   Protein_C-alpha_9 (1 atoms)
colvars:   group9 (4 atoms)
colvars:   Protein_C-alpha_10 (1 atoms)
colvars:   group10 (4 atoms)
colvars:   heavy_atoms (51 atoms)
colvars:   prot_N (10 atoms)
colvars:   prot_CA (10 atoms)
colvars:   prot_C (10 atoms)
colvars:   prot_O (10 atoms)
colvars: # smp = "cvcs" [default]
colvars: SMP parallelism will be applied to Colvars components.
colvars:   - SMP parallelism: enabled (num. threads = 8)
colvars: # colvarsTrajFrequency = 1
colvars: # colvarsRestartFrequency = 10
colvars: # scriptedColvarForces = off [default]
colvars: # scriptingAfterBiases = off [default]
colvars: ----------------------------------------------------------------------
colvars:   Initializing a new collective variable.
colvars:   # name = "one"
colvars:     Initializing a new "distance" component.
colvars:     # name = "x"
colvars:     # componentCoeff = 1 [default]
colvars:     # componentExp = 1 [default]
colvars:     # period = 0 [default]
colvars:     # wrapAround = 0 [default]
colvars:     # forceNoPBC = off [default]
colvars:     # scalable = on [default]
colvars:       Initializing atom group "group1".
colvars:       # name = "" [default]
colvars:       # centerToOrigin = off [default]
colvars:       # centerToReference = off [default]
colvars:       # rotateToReference = off [default]
colvars:       # atomsOfGroup = "" [default]
colvars:       # indexGroup = "group1"
colvars:       # psfSegID =  [default]
colvars:       # atomsFile = "" [default]
colvars:       # dummyAtom = ( 0 , 0 , 0 ) [default]
colvars:       # enableFitGradients = on [default]
colvars:       # printAtomIDs = off [default]
colvars:       Atom group "group1" defined with 4 atoms requested: total mass = 4, total charge = 0.
colvars:       Initializing atom group "group2".
colvars:       # name = "" [default]
colvars:       # centerToOrigin = off [default]
colvars:       # centerToReference = off [default]
colvars:       # rotateToReference = off [default]
colvars:       # atomsOfGroup = "" [default]
colvars:       # indexGroup = "group2"
colvars:       # psfSegID =  [default]
colvars:       # atomsFile = "" [default]
colvars:       # dummyAtom = ( 0 , 0 , 0 ) [default]
colvars:       # enableFitGradients = on [default]
colvars:       # printAtomIDs = off [default]
colvars:       Atom group "group2" defined with 4 atoms requested: total mass = 4, total charge = 0.
colvars:     # oneSiteSystemForce = off [default]
colvars:     # oneSiteTotalForce = off [default]
colvars:     Initializing a new "distanceVec" component.
colvars:     # name = "r"
colvars:     # componentCoeff = 1 [default]
colvars:     # componentExp = 1 [default]
colvars:     # period = 0 [default]
colvars:     # wrapAround = 0 [default]
colvars:     # forceNoPBC = off [default]
colvars:     # scalable = on [default]
colvars:       Initializing atom group "group1".
colvars:       # name = "" [default]
colvars:       # centerToOrigin = off [default]
colvars:       # centerToReference = off [default]
colvars:       # rotateToReference = off [default]
colvars:       # atomsOfGroup = "" [default]
colvars:       # indexGroup = "group3"
colvars:       # psfSegID =  [default]
colvars:       # atomsFile = "" [default]
colvars:       # dummyAtom = ( 0 , 0 , 0 ) [default]
colvars:       # enableFitGradients = on [default]
colvars:       # printAtomIDs = off [default]
colvars:       Atom group "group1" defined with 4 atoms requested: total mass = 4, total charge = 0.
colvars:       Initializing atom group "group2".
colvars:       # name = "" [default]
colvars:       # centerToOrigin = off [default]
colvars:       # centerToReference = off [default]
colvars:       # rotateToReference = off [default]
colvars:       # atomsOfGroup = "" [default]
colvars:       # indexGroup = "group4"
colvars:       # psfSegID =  [default]
colvars:       # atomsFile = "" [default]
colvars:       # dummyAtom = ( 0 , 0 , 0 ) [default]
colvars:       # enableFitGradients = on [default]
colvars:       # printAtomIDs = off [default]
colvars:       Atom group "group2" defined with 4 atoms requested: total mass = 4, total charge = 0.
colvars:     # oneSiteSystemForce = off [default]
colvars:     # oneSiteTotalForce = off [default]
colvars:   All components initialized.
colvars:   Error: customFunction keyword is used, but the Lepton library is not available.
colvars:   Error while constructing colvar number 1 : deleting.
colvars: Reading trajectory for 104 atoms from XYZ file trajectory.xyz
colvars: Warning: beginning from 2019-11-26 the XYZ file reader assumes Angstrom units.
colvars: Frame 1
colvars: Frame 2
colvars: Frame 3
colvars: Frame 4
colvars: Frame 5
colvars: Done
colvars: Input files read during this test:
colvars:   customfunction_harmonic-fixed/test.in index.ndx trajectory.xyz
<end of output>
Test time =   0.00 sec
----------------------------------------------------------
Test Failed.
"customfunction_harmonic-fixed" end time: Jul 31 20:31 IDT
"customfunction_harmonic-fixed" time elapsed: 00:00:00
----------------------------------------------------------

8/93 Testing: dihedral_harmonic-fixed
8/93 Test: dihedral_harmonic-fixed
Command: "/home/omrish/Documents/לימודים/LBT-Jeromes_lab/colvars/build/tests/functional/run_colvars_test" "dihedral_harmonic-fixed/test.in" "trajectory.xyz"
Directory: /home/omrish/Documents/לימודים/LBT-Jeromes_lab/colvars/build/tests/functional
"dihedral_harmonic-fixed" start time: Jul 31 20:31 IDT
Output:
----------------------------------------------------------
colvars: ----------------------------------------------------------------------
colvars: Initializing the collective variables module, version 2025-05-12.
colvars: Please cite Fiorin et al, Mol Phys 2013:
  https://doi.org/10.1080/00268976.2013.813594
as well as all other papers listed below for individual features used.
colvars: Summary of compile-time features available in this build:
colvars:   - C++ language version: 201103
colvars:   - Multiple replicas: not available
colvars:   - Lepton custom functions: not available
colvars:   - Tcl interpreter: not available
colvars: Using minimal testing interface.
colvars: ----------------------------------------------------------------------
colvars: Reading new configuration from file "dihedral_harmonic-fixed/test.in":
colvars: # units = "" [default]
colvars: # indexFile = "index.ndx"
colvars: The following index groups are currently defined:
colvars:   Protein (104 atoms)
colvars:   Protein_noH (51 atoms)
colvars:   Protein_Backbone (40 atoms)
colvars:   Protein_C-alpha (10 atoms)
colvars:   RMSD_atoms (10 atoms)
colvars:   Protein_C-alpha_1_2 (2 atoms)
colvars:   Protein_C-alpha_9_10 (2 atoms)
colvars:   Protein_C-alpha_1 (1 atoms)
colvars:   group1 (4 atoms)
colvars:   Protein_C-alpha_2 (1 atoms)
colvars:   group2 (4 atoms)
colvars:   Protein_C-alpha_3 (1 atoms)
colvars:   group3 (4 atoms)
colvars:   Protein_C-alpha_4 (1 atoms)
colvars:   group4 (4 atoms)
colvars:   Protein_C-alpha_5 (1 atoms)
colvars:   group5 (4 atoms)
colvars:   Protein_C-alpha_6 (1 atoms)
colvars:   group6 (4 atoms)
colvars:   Protein_C-alpha_7 (1 atoms)
colvars:   group7 (4 atoms)
colvars:   Protein_C-alpha_8 (1 atoms)
colvars:   group8 (4 atoms)
colvars:   Protein_C-alpha_9 (1 atoms)
colvars:   group9 (4 atoms)
colvars:   Protein_C-alpha_10 (1 atoms)
colvars:   group10 (4 atoms)
colvars:   heavy_atoms (51 atoms)
colvars:   prot_N (10 atoms)
colvars:   prot_CA (10 atoms)
colvars:   prot_C (10 atoms)
colvars:   prot_O (10 atoms)
colvars: # smp = "cvcs" [default]
colvars: SMP parallelism will be applied to Colvars components.
colvars:   - SMP parallelism: enabled (num. threads = 8)
colvars: # colvarsTrajFrequency = 1
colvars: # colvarsRestartFrequency = 10
colvars: # scriptedColvarForces = off [default]
colvars: # scriptingAfterBiases = off [default]
colvars: ----------------------------------------------------------------------
colvars:   Initializing a new collective variable.
colvars:   # name = "one"
colvars:     Initializing a new "dihedral" component.
colvars:     # name = "" [default]
colvars:     # componentCoeff = 1 [default]
colvars:     # componentExp = 1 [default]
colvars:     # period = 360 [default]
colvars:     # wrapAround = 0 [default]
colvars:     # forceNoPBC = off [default]
colvars:     # scalable = on [default]
colvars:       Initializing atom group "group1".
colvars:       # name = "" [default]
colvars:       # centerToOrigin = off [default]
colvars:       # centerToReference = off [default]
colvars:       # rotateToReference = off [default]
colvars:       # atomsOfGroup = "" [default]
colvars:       # indexGroup = "group1"
colvars:       # psfSegID =  [default]
colvars:       # atomsFile = "" [default]
colvars:       # dummyAtom = ( 0 , 0 , 0 ) [default]
colvars:       # enableFitGradients = on [default]
colvars:       # printAtomIDs = off [default]
colvars:       Atom group "group1" defined with 4 atoms requested: total mass = 4, total charge = 0.
colvars:       Initializing atom group "group2".
colvars:       # name = "" [default]
colvars:       # centerToOrigin = off [default]
colvars:       # centerToReference = off [default]
colvars:       # rotateToReference = off [default]
colvars:       # atomsOfGroup = "" [default]
colvars:       # indexGroup = "group2"
colvars:       # psfSegID =  [default]
colvars:       # atomsFile = "" [default]
colvars:       # dummyAtom = ( 0 , 0 , 0 ) [default]
colvars:       # enableFitGradients = on [default]
colvars:       # printAtomIDs = off [default]
colvars:       Atom group "group2" defined with 4 atoms requested: total mass = 4, total charge = 0.
colvars:       Initializing atom group "group3".
colvars:       # name = "" [default]
colvars:       # centerToOrigin = off [default]
colvars:       # centerToReference = off [default]
colvars:       # rotateToReference = off [default]
colvars:       # atomsOfGroup = "" [default]
colvars:       # indexGroup = "group3"
colvars:       # psfSegID =  [default]
colvars:       # atomsFile = "" [default]
colvars:       # dummyAtom = ( 0 , 0 , 0 ) [default]
colvars:       # enableFitGradients = on [default]
colvars:       # printAtomIDs = off [default]
colvars:       Atom group "group3" defined with 4 atoms requested: total mass = 4, total charge = 0.
colvars:       Initializing atom group "group4".
colvars:       # name = "" [default]
colvars:       # centerToOrigin = off [default]
colvars:       # centerToReference = off [default]
colvars:       # rotateToReference = off [default]
colvars:       # atomsOfGroup = "" [default]
colvars:       # indexGroup = "group4"
colvars:       # psfSegID =  [default]
colvars:       # atomsFile = "" [default]
colvars:       # dummyAtom = ( 0 , 0 , 0 ) [default]
colvars:       # enableFitGradients = on [default]
colvars:       # printAtomIDs = off [default]
colvars:       Atom group "group4" defined with 4 atoms requested: total mass = 4, total charge = 0.
colvars:     # oneSiteSystemForce = off [default]
colvars:     # oneSiteTotalForce = off [default]
colvars:   All components initialized.
colvars:   # timeStepFactor = 1 [default]
colvars:   # width = 0.5
colvars:   # lowerBoundary = -180 [default]
colvars:   # upperBoundary = 180 [default]
colvars:   # hardLowerBoundary = on [default]
colvars:   # hardUpperBoundary = on [default]
colvars:   # expandBoundaries = off [default]
colvars:   # extendedLagrangian = off [default]
colvars:   # outputValue = on [default]
colvars:   # outputVelocity = off [default]
colvars:   # outputTotalForce = off [default]
colvars:   # outputAppliedForce = on
colvars:   # subtractAppliedForce = off [default]
colvars:   # runAve = off [default]
colvars:   # corrFunc = off [default]
colvars: ----------------------------------------------------------------------
colvars: Collective variables initialized, 1 in total.
colvars: ----------------------------------------------------------------------
colvars:   Initializing a new "harmonic" instance.
colvars:   # name = "harmonic1" [default]
colvars:   # colvars = { one }
colvars:   # stepZeroData = off [default]
colvars:   # outputEnergy = off [default]
colvars:   # outputFreq = 10 [default]
colvars:   # timeStepFactor = 1 [default]
colvars:   # writeTISamples = off [default]
colvars:   # writeTIPMF = off [default]
colvars:   # centers = { 0.1 }
colvars:   # targetCenters = { 0.1 } [default]
colvars:   # outputCenters = off [default]
colvars:   # forceConstant = 0.001
colvars:   # decoupling = off [default]
colvars:   # targetForceConstant = -1 [default]
colvars:   The force constant for colvar "one" will be rescaled to 0.004 according to the specified width (0.5).
colvars: ----------------------------------------------------------------------
colvars: Collective variables biases initialized, 1 in total.
colvars: ----------------------------------------------------------------------
colvars: Collective variables module (re)initialized.
colvars: ----------------------------------------------------------------------
colvars: Reading trajectory for 104 atoms from XYZ file trajectory.xyz
colvars: Warning: beginning from 2019-11-26 the XYZ file reader assumes Angstrom units.
colvars: Frame 1
colvars: Frame 2
colvars: Frame 3
colvars: Frame 4
colvars: Frame 5
colvars: Done
colvars: Input files read during this test:
colvars:   dihedral_harmonic-fixed/test.in index.ndx trajectory.xyz
<end of output>
Test time =   0.00 sec
----------------------------------------------------------
Test Passed.
"dihedral_harmonic-fixed" end time: Jul 31 20:31 IDT
"dihedral_harmonic-fixed" time elapsed: 00:00:00
----------------------------------------------------------

9/93 Testing: dihedral_histogram-customgrid-periodic
9/93 Test: dihedral_histogram-customgrid-periodic
Command: "/home/omrish/Documents/לימודים/LBT-Jeromes_lab/colvars/build/tests/functional/run_colvars_test" "dihedral_histogram-customgrid-periodic/test.in" "trajectory.xyz"
Directory: /home/omrish/Documents/לימודים/LBT-Jeromes_lab/colvars/build/tests/functional
"dihedral_histogram-customgrid-periodic" start time: Jul 31 20:31 IDT
Output:
----------------------------------------------------------
colvars: ----------------------------------------------------------------------
colvars: Initializing the collective variables module, version 2025-05-12.
colvars: Please cite Fiorin et al, Mol Phys 2013:
  https://doi.org/10.1080/00268976.2013.813594
as well as all other papers listed below for individual features used.
colvars: Summary of compile-time features available in this build:
colvars:   - C++ language version: 201103
colvars:   - Multiple replicas: not available
colvars:   - Lepton custom functions: not available
colvars:   - Tcl interpreter: not available
colvars: Using minimal testing interface.
colvars: ----------------------------------------------------------------------
colvars: Reading new configuration from file "dihedral_histogram-customgrid-periodic/test.in":
colvars: # units = "" [default]
colvars: # indexFile = "index.ndx"
colvars: The following index groups are currently defined:
colvars:   Protein (104 atoms)
colvars:   Protein_noH (51 atoms)
colvars:   Protein_Backbone (40 atoms)
colvars:   Protein_C-alpha (10 atoms)
colvars:   RMSD_atoms (10 atoms)
colvars:   Protein_C-alpha_1_2 (2 atoms)
colvars:   Protein_C-alpha_9_10 (2 atoms)
colvars:   Protein_C-alpha_1 (1 atoms)
colvars:   group1 (4 atoms)
colvars:   Protein_C-alpha_2 (1 atoms)
colvars:   group2 (4 atoms)
colvars:   Protein_C-alpha_3 (1 atoms)
colvars:   group3 (4 atoms)
colvars:   Protein_C-alpha_4 (1 atoms)
colvars:   group4 (4 atoms)
colvars:   Protein_C-alpha_5 (1 atoms)
colvars:   group5 (4 atoms)
colvars:   Protein_C-alpha_6 (1 atoms)
colvars:   group6 (4 atoms)
colvars:   Protein_C-alpha_7 (1 atoms)
colvars:   group7 (4 atoms)
colvars:   Protein_C-alpha_8 (1 atoms)
colvars:   group8 (4 atoms)
colvars:   Protein_C-alpha_9 (1 atoms)
colvars:   group9 (4 atoms)
colvars:   Protein_C-alpha_10 (1 atoms)
colvars:   group10 (4 atoms)
colvars:   heavy_atoms (51 atoms)
colvars:   prot_N (10 atoms)
colvars:   prot_CA (10 atoms)
colvars:   prot_C (10 atoms)
colvars:   prot_O (10 atoms)
colvars: # smp = "cvcs" [default]
colvars: SMP parallelism will be applied to Colvars components.
colvars:   - SMP parallelism: enabled (num. threads = 8)
colvars: # colvarsTrajFrequency = 1
colvars: # colvarsRestartFrequency = 10
colvars: # scriptedColvarForces = off [default]
colvars: # scriptingAfterBiases = off [default]
colvars: ----------------------------------------------------------------------
colvars:   Initializing a new collective variable.
colvars:   # name = "one"
colvars:     Initializing a new "dihedral" component.
colvars:     # name = "" [default]
colvars:     # componentCoeff = 1 [default]
colvars:     # componentExp = 1 [default]
colvars:     # period = 360 [default]
colvars:     # wrapAround = 0 [default]
colvars:     # forceNoPBC = off [default]
colvars:     # scalable = on [default]
colvars:       Initializing atom group "group1".
colvars:       # name = "" [default]
colvars:       # centerToOrigin = off [default]
colvars:       # centerToReference = off [default]
colvars:       # rotateToReference = off [default]
colvars:       # atomsOfGroup = "" [default]
colvars:       # indexGroup = "group1"
colvars:       # psfSegID =  [default]
colvars:       # atomsFile = "" [default]
colvars:       # dummyAtom = ( 0 , 0 , 0 ) [default]
colvars:       # enableFitGradients = on [default]
colvars:       # printAtomIDs = off [default]
colvars:       Atom group "group1" defined with 4 atoms requested: total mass = 4, total charge = 0.
colvars:       Initializing atom group "group2".
colvars:       # name = "" [default]
colvars:       # centerToOrigin = off [default]
colvars:       # centerToReference = off [default]
colvars:       # rotateToReference = off [default]
colvars:       # atomsOfGroup = "" [default]
colvars:       # indexGroup = "group2"
colvars:       # psfSegID =  [default]
colvars:       # atomsFile = "" [default]
colvars:       # dummyAtom = ( 0 , 0 , 0 ) [default]
colvars:       # enableFitGradients = on [default]
colvars:       # printAtomIDs = off [default]
colvars:       Atom group "group2" defined with 4 atoms requested: total mass = 4, total charge = 0.
colvars:       Initializing atom group "group3".
colvars:       # name = "" [default]
colvars:       # centerToOrigin = off [default]
colvars:       # centerToReference = off [default]
colvars:       # rotateToReference = off [default]
colvars:       # atomsOfGroup = "" [default]
colvars:       # indexGroup = "group3"
colvars:       # psfSegID =  [default]
colvars:       # atomsFile = "" [default]
colvars:       # dummyAtom = ( 0 , 0 , 0 ) [default]
colvars:       # enableFitGradients = on [default]
colvars:       # printAtomIDs = off [default]
colvars:       Atom group "group3" defined with 4 atoms requested: total mass = 4, total charge = 0.
colvars:       Initializing atom group "group4".
colvars:       # name = "" [default]
colvars:       # centerToOrigin = off [default]
colvars:       # centerToReference = off [default]
colvars:       # rotateToReference = off [default]
colvars:       # atomsOfGroup = "" [default]
colvars:       # indexGroup = "group4"
colvars:       # psfSegID =  [default]
colvars:       # atomsFile = "" [default]
colvars:       # dummyAtom = ( 0 , 0 , 0 ) [default]
colvars:       # enableFitGradients = on [default]
colvars:       # printAtomIDs = off [default]
colvars:       Atom group "group4" defined with 4 atoms requested: total mass = 4, total charge = 0.
colvars:     # oneSiteSystemForce = off [default]
colvars:     # oneSiteTotalForce = off [default]
colvars:   All components initialized.
colvars:   # timeStepFactor = 1 [default]
colvars:   # width = 0.5
colvars:   # lowerBoundary = -180 [default]
colvars:   # upperBoundary = 180 [default]
colvars:   # hardLowerBoundary = on [default]
colvars:   # hardUpperBoundary = on [default]
colvars:   # expandBoundaries = off [default]
colvars:   # extendedLagrangian = off [default]
colvars:   # outputValue = on [default]
colvars:   # outputVelocity = off [default]
colvars:   # outputTotalForce = off [default]
colvars:   # outputAppliedForce = on
colvars:   # subtractAppliedForce = off [default]
colvars:   # runAve = off [default]
colvars:   # corrFunc = off [default]
colvars: ----------------------------------------------------------------------
colvars: Collective variables initialized, 1 in total.
colvars: ----------------------------------------------------------------------
colvars:   Initializing a new "histogram" instance.
colvars:   # name = "histogram1" [default]
colvars:   # colvars = { one }
colvars:   # stepZeroData = off [default]
colvars:   # outputEnergy = off [default]
colvars:   # outputFreq = 10 [default]
colvars:   # timeStepFactor = 1 [default]
colvars:   # outputFile = "" [default]
colvars:   # outputFileDX = "none" [default]
colvars:   # gatherVectorColvars = off [default]
colvars:   # lowerBoundary = { -60 }
colvars:   # upperBoundary = { 300 }
colvars:   # width = { 5 }
colvars: ----------------------------------------------------------------------
colvars: Collective variables biases initialized, 1 in total.
colvars: ----------------------------------------------------------------------
colvars: Collective variables module (re)initialized.
colvars: ----------------------------------------------------------------------
colvars: Reading trajectory for 104 atoms from XYZ file trajectory.xyz
colvars: Warning: beginning from 2019-11-26 the XYZ file reader assumes Angstrom units.
colvars: Frame 1
colvars: Frame 2
colvars: Frame 3
colvars: Frame 4
colvars: Frame 5
colvars: Done
colvars: Input files read during this test:
colvars:   dihedral_histogram-customgrid-periodic/test.in index.ndx trajectory.xyz
<end of output>
Test time =   0.00 sec
----------------------------------------------------------
Test Passed.
"dihedral_histogram-customgrid-periodic" end time: Jul 31 20:31 IDT
"dihedral_histogram-customgrid-periodic" time elapsed: 00:00:00
----------------------------------------------------------

10/93 Testing: dihedralwalls
10/93 Test: dihedralwalls
Command: "/home/omrish/Documents/לימודים/LBT-Jeromes_lab/colvars/build/tests/functional/run_colvars_test" "dihedralwalls/test.in" "trajectory.xyz"
Directory: /home/omrish/Documents/לימודים/LBT-Jeromes_lab/colvars/build/tests/functional
"dihedralwalls" start time: Jul 31 20:31 IDT
Output:
----------------------------------------------------------
colvars: ----------------------------------------------------------------------
colvars: Initializing the collective variables module, version 2025-05-12.
colvars: Please cite Fiorin et al, Mol Phys 2013:
  https://doi.org/10.1080/00268976.2013.813594
as well as all other papers listed below for individual features used.
colvars: Summary of compile-time features available in this build:
colvars:   - C++ language version: 201103
colvars:   - Multiple replicas: not available
colvars:   - Lepton custom functions: not available
colvars:   - Tcl interpreter: not available
colvars: Using minimal testing interface.
colvars: ----------------------------------------------------------------------
colvars: Reading new configuration from file "dihedralwalls/test.in":
colvars: # units = "" [default]
colvars: # indexFile = "index.ndx"
colvars: The following index groups are currently defined:
colvars:   Protein (104 atoms)
colvars:   Protein_noH (51 atoms)
colvars:   Protein_Backbone (40 atoms)
colvars:   Protein_C-alpha (10 atoms)
colvars:   RMSD_atoms (10 atoms)
colvars:   Protein_C-alpha_1_2 (2 atoms)
colvars:   Protein_C-alpha_9_10 (2 atoms)
colvars:   Protein_C-alpha_1 (1 atoms)
colvars:   group1 (4 atoms)
colvars:   Protein_C-alpha_2 (1 atoms)
colvars:   group2 (4 atoms)
colvars:   Protein_C-alpha_3 (1 atoms)
colvars:   group3 (4 atoms)
colvars:   Protein_C-alpha_4 (1 atoms)
colvars:   group4 (4 atoms)
colvars:   Protein_C-alpha_5 (1 atoms)
colvars:   group5 (4 atoms)
colvars:   Protein_C-alpha_6 (1 atoms)
colvars:   group6 (4 atoms)
colvars:   Protein_C-alpha_7 (1 atoms)
colvars:   group7 (4 atoms)
colvars:   Protein_C-alpha_8 (1 atoms)
colvars:   group8 (4 atoms)
colvars:   Protein_C-alpha_9 (1 atoms)
colvars:   group9 (4 atoms)
colvars:   Protein_C-alpha_10 (1 atoms)
colvars:   group10 (4 atoms)
colvars:   heavy_atoms (51 atoms)
colvars:   prot_N (10 atoms)
colvars:   prot_CA (10 atoms)
colvars:   prot_C (10 atoms)
colvars:   prot_O (10 atoms)
colvars: # smp = "cvcs" [default]
colvars: SMP parallelism will be applied to Colvars components.
colvars:   - SMP parallelism: enabled (num. threads = 8)
colvars: # colvarsTrajFrequency = 1
colvars: # colvarsRestartFrequency = 10
colvars: # scriptedColvarForces = off [default]
colvars: # scriptingAfterBiases = off [default]
colvars: ----------------------------------------------------------------------
colvars:   Initializing a new collective variable.
colvars:   # name = "one"
colvars:     Initializing a new "dihedral" component.
colvars:     # name = "" [default]
colvars:     # componentCoeff = 1 [default]
colvars:     # componentExp = 1 [default]
colvars:     # period = 360 [default]
colvars:     # wrapAround = 0 [default]
colvars:     # forceNoPBC = off [default]
colvars:     # scalable = on [default]
colvars:       Initializing atom group "group1".
colvars:       # name = "" [default]
colvars:       # centerToOrigin = off [default]
colvars:       # centerToReference = off [default]
colvars:       # rotateToReference = off [default]
colvars:       # atomsOfGroup = "" [default]
colvars:       # indexGroup = "group1"
colvars:       # psfSegID =  [default]
colvars:       # atomsFile = "" [default]
colvars:       # dummyAtom = ( 0 , 0 , 0 ) [default]
colvars:       # enableFitGradients = on [default]
colvars:       # printAtomIDs = off [default]
colvars:       Atom group "group1" defined with 4 atoms requested: total mass = 4, total charge = 0.
colvars:       Initializing atom group "group2".
colvars:       # name = "" [default]
colvars:       # centerToOrigin = off [default]
colvars:       # centerToReference = off [default]
colvars:       # rotateToReference = off [default]
colvars:       # atomsOfGroup = "" [default]
colvars:       # indexGroup = "group2"
colvars:       # psfSegID =  [default]
colvars:       # atomsFile = "" [default]
colvars:       # dummyAtom = ( 0 , 0 , 0 ) [default]
colvars:       # enableFitGradients = on [default]
colvars:       # printAtomIDs = off [default]
colvars:       Atom group "group2" defined with 4 atoms requested: total mass = 4, total charge = 0.
colvars:       Initializing atom group "group3".
colvars:       # name = "" [default]
colvars:       # centerToOrigin = off [default]
colvars:       # centerToReference = off [default]
colvars:       # rotateToReference = off [default]
colvars:       # atomsOfGroup = "" [default]
colvars:       # indexGroup = "group3"
colvars:       # psfSegID =  [default]
colvars:       # atomsFile = "" [default]
colvars:       # dummyAtom = ( 0 , 0 , 0 ) [default]
colvars:       # enableFitGradients = on [default]
colvars:       # printAtomIDs = off [default]
colvars:       Atom group "group3" defined with 4 atoms requested: total mass = 4, total charge = 0.
colvars:       Initializing atom group "group4".
colvars:       # name = "" [default]
colvars:       # centerToOrigin = off [default]
colvars:       # centerToReference = off [default]
colvars:       # rotateToReference = off [default]
colvars:       # atomsOfGroup = "" [default]
colvars:       # indexGroup = "group4"
colvars:       # psfSegID =  [default]
colvars:       # atomsFile = "" [default]
colvars:       # dummyAtom = ( 0 , 0 , 0 ) [default]
colvars:       # enableFitGradients = on [default]
colvars:       # printAtomIDs = off [default]
colvars:       Atom group "group4" defined with 4 atoms requested: total mass = 4, total charge = 0.
colvars:     # oneSiteSystemForce = off [default]
colvars:     # oneSiteTotalForce = off [default]
colvars:   All components initialized.
colvars:   # timeStepFactor = 1 [default]
colvars:   # width = 0.5
colvars:   # lowerBoundary = -180 [default]
colvars:   # upperBoundary = 180 [default]
colvars:   # hardLowerBoundary = on [default]
colvars:   # hardUpperBoundary = on [default]
colvars:   # expandBoundaries = off [default]
colvars:   # extendedLagrangian = off [default]
colvars:   # outputValue = on [default]
colvars:   # outputVelocity = off [default]
colvars:   # outputTotalForce = off [default]
colvars:   # outputAppliedForce = on
colvars:   # subtractAppliedForce = off [default]
colvars:   # runAve = off [default]
colvars:   # corrFunc = off [default]
colvars: ----------------------------------------------------------------------
colvars: Collective variables initialized, 1 in total.
colvars: ----------------------------------------------------------------------
colvars:   # targetLowerWalls =  [default]
colvars:   # targetUpperWalls =  [default]
colvars:   Initializing a new "harmonicwalls" instance.
colvars:   # name = "harmonicwalls1" [default]
colvars:   # colvars = { one }
colvars:   # stepZeroData = off [default]
colvars:   # outputEnergy = off [default]
colvars:   # outputFreq = 10 [default]
colvars:   # timeStepFactor = 1 [default]
colvars:   # writeTISamples = off [default]
colvars:   # writeTIPMF = off [default]
colvars:   # forceConstant = 0.001
colvars:   # decoupling = off [default]
colvars:   # targetForceConstant = -1 [default]
colvars:   # lowerWalls = { -10 }
colvars:   # upperWalls = { 10 }
colvars:   # lowerWallConstant = 0.001 [default]
colvars:   # upperWallConstant = 0.001 [default]
colvars:   # targetLowerWalls = { 0 } [default]
colvars:   Target lower walls were not provided.
colvars:   # targetUpperWalls = { 0 } [default]
colvars:   Target upper walls were not provided.
colvars:   The lower wall force constant for colvar "one" will be rescaled to 0.004 according to the specified width (0.5).
colvars:   The upper wall force constant for colvar "one" will be rescaled to 0.004 according to the specified width (0.5).
colvars: ----------------------------------------------------------------------
colvars: Collective variables biases initialized, 1 in total.
colvars: ----------------------------------------------------------------------
colvars: Collective variables module (re)initialized.
colvars: ----------------------------------------------------------------------
colvars: Reading trajectory for 104 atoms from XYZ file trajectory.xyz
colvars: Warning: beginning from 2019-11-26 the XYZ file reader assumes Angstrom units.
colvars: Do we get here then?
colvars: Frame 1
colvars: Do we get here then?
colvars: Frame 2
colvars: Do we get here then?
colvars: Frame 3
colvars: Do we get here then?
colvars: Frame 4
colvars: Do we get here then?
colvars: Frame 5
colvars: Done
colvars: Input files read during this test:
colvars:   dihedralwalls/test.in index.ndx trajectory.xyz
<end of output>
Test time =   0.00 sec
----------------------------------------------------------
Test Passed.
"dihedralwalls" end time: Jul 31 20:31 IDT
"dihedralwalls" time elapsed: 00:00:00
----------------------------------------------------------

11/93 Testing: dipoleangle_harmonic-fixed
11/93 Test: dipoleangle_harmonic-fixed
Command: "/home/omrish/Documents/לימודים/LBT-Jeromes_lab/colvars/build/tests/functional/run_colvars_test" "dipoleangle_harmonic-fixed/test.in" "trajectory.xyz"
Directory: /home/omrish/Documents/לימודים/LBT-Jeromes_lab/colvars/build/tests/functional
"dipoleangle_harmonic-fixed" start time: Jul 31 20:31 IDT
Output:
----------------------------------------------------------
colvars: ----------------------------------------------------------------------
colvars: Initializing the collective variables module, version 2025-05-12.
colvars: Please cite Fiorin et al, Mol Phys 2013:
  https://doi.org/10.1080/00268976.2013.813594
as well as all other papers listed below for individual features used.
colvars: Summary of compile-time features available in this build:
colvars:   - C++ language version: 201103
colvars:   - Multiple replicas: not available
colvars:   - Lepton custom functions: not available
colvars:   - Tcl interpreter: not available
colvars: Using minimal testing interface.
colvars: ----------------------------------------------------------------------
[...]
colvars:   # targetForceConstant = -1 [default]
colvars:   The force constant for colvar "one" will be rescaled to 0.4 according to the specified width (0.05).
colvars: ----------------------------------------------------------------------
colvars: Collective variables biases initialized, 1 in total.
colvars: ----------------------------------------------------------------------
colvars: Collective variables module (re)initialized.
colvars: ----------------------------------------------------------------------
colvars: Reading trajectory for 104 atoms from XYZ file trajectory.xyz
colvars: Frame 1
colvars: Frame 2
colvars: Frame 3
colvars: Frame 4
colvars: Frame 5
colvars: Done
colvars: Input files read during this test:
colvars:   index.ndx rmsd_atoms_refpos.xyz tilt_harmonic-fixed/test.in trajectory.xyz
<end of output>
Test time =   0.05 sec
----------------------------------------------------------
Test Passed.
"tilt_harmonic-fixed" end time: Jul 31 20:31 IDT
"tilt_harmonic-fixed" time elapsed: 00:00:00
----------------------------------------------------------

89/93 Testing: colvarvalue_unit3vector
89/93 Test: colvarvalue_unit3vector
Command: "/home/omrish/Documents/לימודים/LBT-Jeromes_lab/colvars/build/tests/unittests/colvarvalue_unit3vector"
Directory: /home/omrish/Documents/לימודים/LBT-Jeromes_lab/colvars/build/tests/unittests
"colvarvalue_unit3vector" start time: Jul 31 20:31 IDT
Output:
----------------------------------------------------------
x               = (  9.95037190209989e-01 ,  9.95037190209989e-02 ,  0.00000000000000e+00 )
y               = (  0.00000000000000e+00 ,  1.00000000000000e+00 ,  0.00000000000000e+00 )
x.dist2_grad(y) = ( -0.00000000000000e+00 , -1.47846501495414e+00 , -0.00000000000000e+00 )
y.dist2_grad(x) = ( -1.47112767430373e+00 , -1.47112767430373e-01 , -0.00000000000000e+00 )
y               = (  7.07106781186547e-01 ,  7.07106781186547e-01 ,  0.00000000000000e+00 )
x.dist2_grad(y) = ( -7.65721810482249e-01 , -7.65721810482249e-01 , -0.00000000000000e+00 )
y.dist2_grad(x) = ( -1.07751997160349e+00 , -1.07751997160349e-01 , -0.00000000000000e+00 )

Epsilon    =    0.5
y          = (  7.98384893464402e-01 ,  5.87160751132215e-01 , -1.33505858364678e-01 )
dist2_grad = ( -8.40007028369404e-01 , -6.17771154954488e-01 ,  1.40465908451986e-01 )
difference = (  1.96652296745588e-01 , -4.87657032111216e-01 ,  1.33505858364678e-01 )
ratio      = ( -4.27153428803394e+00 ,  1.26681481917726e+00 ,  1.05213291890380e+00 )

Epsilon    =    0.05
y          = (  9.81989833642998e-01 ,  1.87467609466821e-01 , -2.34917437111898e-02 )
dist2_grad = ( -9.83376743874924e-01 , -1.87732378751407e-01 ,  2.35249222010301e-02 )
difference = (  1.30473565669911e-02 , -8.79638904458221e-02 ,  2.34917437111898e-02 )
ratio      = ( -7.53698068130368e+01 ,  2.13419822383860e+00 ,  1.00141234683335e+00 )

Epsilon    =    0.005
y          = (  9.94055222807941e-01 ,  1.08848695703867e-01 , -2.48504563765076e-03 )
dist2_grad = ( -9.94070874221790e-01 , -1.08850409528154e-01 ,  2.48508476473023e-03 )
difference = (  9.81967402048034e-04 , -9.34497668286807e-03 ,  2.48504563765076e-03 )
ratio      = ( -1.01232573723783e+03 ,  1.16480129616275e+01 ,  1.00001574501445e+00 )

Epsilon    =    0.0005
y          = (  9.94942711878985e-01 ,  1.00443703901794e-01 , -2.49850714183044e-04 )
dist2_grad = ( -9.94942870206752e-01 , -1.00443719885656e-01 ,  2.49850753942424e-04 )
difference = (  9.44783310040664e-05 , -9.39984880795164e-04 ,  2.49850714183044e-04 )
ratio      = ( -1.05309107351180e+04 ,  1.06856739866590e+02 ,  1.00000015913255e+00 )

Epsilon    =    5e-05
y          = (  9.95027780074932e-01 ,  9.95977723356658e-02 , -2.49985074138316e-05 )
dist2_grad = ( -9.95027780471264e-01 , -9.95977723753368e-02 ,  2.49985074237888e-05 )
difference = (  9.41013505717514e-06 , -9.40533146668449e-05 ,  2.49985074138316e-05 )
ratio      = ( -1.05740010576423e+05 ,  1.05895015745199e+03 ,  1.00000000039831e+00 )

Epsilon    =    5e-06
y          = (  9.95036249573980e-01 ,  9.95131249006808e-02 , -2.49998507441175e-06 )
dist2_grad = ( -9.95036249577944e-01 , -9.95131249010772e-02 ,  2.49998507442171e-06 )
difference = (  9.40636009305607e-07 , -9.40587968183138e-06 ,  2.49998507441175e-06 )
ratio      = ( -1.05783346558516e+06 ,  1.05798849514628e+04 ,  1.00000000000398e+00 )

Epsilon    =    5e-07
y          = (  9.95037096150164e-01 ,  9.95046596144492e-02 , -2.49999850744391e-07 )
dist2_grad = ( -9.95037096150204e-01 , -9.95046596144532e-02 ,  2.49999850744401e-07 )
difference = (  9.40598253729164e-08 , -9.40593450293736e-07 ,  2.49999850744391e-07 )
ratio      = ( -1.05787682701430e+07 ,  1.05789232939459e+05 ,  1.00000000000004e+00 )

Epsilon    =    5e-08
y          = (  9.95037180804044e-01 ,  9.95038130803988e-02 , -2.49999985074442e-08 )
dist2_grad = ( -9.95037180804045e-01 , -9.95038130803988e-02 ,  2.49999985074442e-08 )
difference = (  9.40594480081103e-09 , -9.40593998383088e-08 ,  2.49999985074442e-08 )
ratio      = ( -1.05788116119738e+08 ,  1.05788271296063e+06 ,  1.00000000000000e+00 )
<end of output>
Test time =   0.01 sec
----------------------------------------------------------
Test Passed.
"colvarvalue_unit3vector" end time: Jul 31 20:31 IDT
"colvarvalue_unit3vector" time elapsed: 00:00:00
----------------------------------------------------------

90/93 Testing: file_io
90/93 Test: file_io
Command: "/home/omrish/Documents/לימודים/LBT-Jeromes_lab/colvars/build/tests/unittests/file_io"
Directory: /home/omrish/Documents/לימודים/LBT-Jeromes_lab/colvars/build/tests/unittests
"file_io" start time: Jul 31 20:31 IDT
Output:
----------------------------------------------------------
colvars: ----------------------------------------------------------------------
colvars: Initializing the collective variables module, version 2025-05-12.
colvars: Please cite Fiorin et al, Mol Phys 2013:
  https://doi.org/10.1080/00268976.2013.813594
as well as all other papers listed below for individual features used.
colvars: Summary of compile-time features available in this build:
colvars:   - C++ language version: 201103
colvars:   - Multiple replicas: not available
colvars:   - Lepton custom functions: not available
colvars:   - Tcl interpreter: not available
colvars: Saving collective variables state to "test.colvars.state".
colvars: Saving collective variables state to "test.colvars.state".
<end of output>
Test time =   0.01 sec
----------------------------------------------------------
Test Passed.
"file_io" end time: Jul 31 20:31 IDT
"file_io" time elapsed: 00:00:00
----------------------------------------------------------

91/93 Testing: memory_stream
91/93 Test: memory_stream
Command: "/home/omrish/Documents/לימודים/LBT-Jeromes_lab/colvars/build/tests/unittests/memory_stream"
Directory: /home/omrish/Documents/לימודים/LBT-Jeromes_lab/colvars/build/tests/unittests
"memory_stream" start time: Jul 31 20:31 IDT
Output:
----------------------------------------------------------
d: -101
m: 1240566
N12colvarmodule7rvectorE: ( -0.666667 , 0.666667 , 0.333333 )
NSt7__cxx1112basic_stringIcSt11char_traitsIcESaIcEEE: Vabbé / Está bien / Ça va / 好吧
St6vectorIdSaIdEE: { 1 2 3 4 5 6 7 8 }
N12colvarmodule8vector1dIdEE: ( 1 , 2 , 3 , 4 , 5 , 6 , 7 , 8 )
11colvarvalue: ( -0.666667 , 0.666667 , 0.333333 )
block: "
    name a_colvar
    x 1.0
"
buf.tellg() = 303
buf.length() = 303
buf.rdstate() = 0
goodbit = 0
eofbit = 2
badbit = 1
failbit = 4
<end of output>
Test time =   0.01 sec
----------------------------------------------------------
Test Passed.
"memory_stream" end time: Jul 31 20:31 IDT
"memory_stream" time elapsed: 00:00:00
----------------------------------------------------------

92/93 Testing: read_xyz_traj
92/93 Test: read_xyz_traj
Command: "/home/omrish/Documents/לימודים/LBT-Jeromes_lab/colvars/build/tests/unittests/read_xyz_traj"
Directory: /home/omrish/Documents/לימודים/LBT-Jeromes_lab/colvars/build/tests/unittests
"read_xyz_traj" start time: Jul 31 20:31 IDT
Output:
----------------------------------------------------------
colvars: ----------------------------------------------------------------------
colvars: Initializing the collective variables module, version 2025-05-12.
colvars: Please cite Fiorin et al, Mol Phys 2013:
  https://doi.org/10.1080/00268976.2013.813594
as well as all other papers listed below for individual features used.
colvars: Summary of compile-time features available in this build:
colvars:   - C++ language version: 201103
colvars:   - Multiple replicas: not available
colvars:   - Lepton custom functions: not available
colvars:   - Tcl interpreter: not available
colvars: Using minimal testing interface.
colvars: The final output state file will be "test.out.colvars.state".
colvars: ----------------------------------------------------------------------
colvars: Reading new configuration from file "test.in":
colvars: # units = "" [default]
colvars: # indexFile = "index.ndx"
colvars: The following index groups are currently defined:
colvars:   Protein (104 atoms)
colvars:   Protein_noH (51 atoms)
colvars:   Protein_Backbone (40 atoms)
colvars:   Protein_C-alpha (10 atoms)
colvars:   RMSD_atoms (10 atoms)
colvars:   Protein_C-alpha_1_2 (2 atoms)
colvars:   Protein_C-alpha_9_10 (2 atoms)
colvars:   Protein_C-alpha_1 (1 atoms)
colvars:   group1 (4 atoms)
colvars:   Protein_C-alpha_2 (1 atoms)
colvars:   group2 (4 atoms)
colvars:   Protein_C-alpha_3 (1 atoms)
colvars:   group3 (4 atoms)
colvars:   Protein_C-alpha_4 (1 atoms)
colvars:   group4 (4 atoms)
colvars:   Protein_C-alpha_5 (1 atoms)
colvars:   group5 (4 atoms)
colvars:   Protein_C-alpha_6 (1 atoms)
colvars:   group6 (4 atoms)
colvars:   Protein_C-alpha_7 (1 atoms)
colvars:   group7 (4 atoms)
colvars:   Protein_C-alpha_8 (1 atoms)
colvars:   group8 (4 atoms)
colvars:   Protein_C-alpha_9 (1 atoms)
colvars:   group9 (4 atoms)
colvars:   Protein_C-alpha_10 (1 atoms)
colvars:   group10 (4 atoms)
colvars:   heavy_atoms (51 atoms)
colvars: # smp = "cvcs" [default]
colvars: SMP parallelism will be applied to Colvars components.
colvars:   - SMP parallelism: enabled (num. threads = 8)
colvars: # colvarsTrajFrequency = 1
colvars: # colvarsRestartFrequency = 10
colvars: # scriptedColvarForces = off [default]
colvars: # scriptingAfterBiases = off [default]
colvars: ----------------------------------------------------------------------
colvars:   Initializing a new collective variable.
colvars:   # name = "one"
colvars:     Initializing a new "distance" component.
colvars:     # name = "" [default]
colvars:     # componentCoeff = 1 [default]
colvars:     # componentExp = 1 [default]
colvars:     # period = 0 [default]
colvars:     # wrapAround = 0 [default]
colvars:     # forceNoPBC = off [default]
colvars:     # scalable = on [default]
colvars:       Initializing atom group "group1".
colvars:       # name = "" [default]
colvars:       # centerToOrigin = off [default]
colvars:       # centerToReference = off [default]
colvars:       # rotateToReference = off [default]
colvars:       # atomsOfGroup = "" [default]
colvars:       # indexGroup = "group1"
colvars:       # psfSegID =  [default]
colvars:       # atomsFile = "" [default]
colvars:       # dummyAtom = ( 0 , 0 , 0 ) [default]
colvars:       # enableFitGradients = on [default]
colvars:       # printAtomIDs = off [default]
colvars:       Atom group "group1" defined with 4 atoms requested: total mass = 4, total charge = 0.
colvars:       Initializing atom group "group2".
colvars:       # name = "" [default]
colvars:       # centerToOrigin = off [default]
colvars:       # centerToReference = off [default]
colvars:       # rotateToReference = off [default]
colvars:       # atomsOfGroup = "" [default]
colvars:       # indexGroup = "group2"
colvars:       # psfSegID =  [default]
colvars:       # atomsFile = "" [default]
colvars:       # dummyAtom = ( 0 , 0 , 0 ) [default]
colvars:       # enableFitGradients = on [default]
colvars:       # printAtomIDs = off [default]
colvars:       Atom group "group2" defined with 4 atoms requested: total mass = 4, total charge = 0.
colvars:     # oneSiteSystemForce = off [default]
colvars:     # oneSiteTotalForce = off [default]
colvars:   All components initialized.
colvars:   # timeStepFactor = 1 [default]
colvars:   # width = 0.5
colvars:   # lowerBoundary = 0 [default]
colvars:   # upperBoundary = 0.5 [default]
colvars:   # hardLowerBoundary = on [default]
colvars:   # hardUpperBoundary = off [default]
colvars:   # expandBoundaries = off [default]
colvars:   # extendedLagrangian = off [default]
colvars:   # outputValue = on [default]
colvars:   # outputVelocity = off [default]
colvars:   # outputTotalForce = off [default]
colvars:   # outputAppliedForce = on
colvars:   # subtractAppliedForce = off [default]
colvars:   # runAve = off [default]
colvars:   # corrFunc = off [default]
colvars: ----------------------------------------------------------------------
colvars: Collective variables initialized, 1 in total.
colvars: ----------------------------------------------------------------------
colvars:   Initializing a new "harmonic" instance.
colvars:   # name = "harmonic1" [default]
colvars:   # colvars = { one }
colvars:   # stepZeroData = off [default]
colvars:   # outputEnergy = on
colvars:   # outputFreq = 10 [default]
colvars:   # timeStepFactor = 1 [default]
colvars:   # writeTISamples = off [default]
colvars:   # writeTIPMF = off [default]
colvars:   # centers = { 0.1 }
colvars:   # targetCenters = { 0.1 } [default]
colvars:   # outputCenters = off [default]
colvars:   # forceConstant = 0.001
colvars:   # decoupling = off [default]
colvars:   # targetForceConstant = 0.0001
colvars:   Initial step for restraint change: 0
colvars:   # targetNumSteps = 10
colvars:   # targetNumStages = 0 [default]
colvars:   # outputAccumulatedWork = off [default]
colvars:   # targetEquilSteps = 0 [default]
colvars:   # lambdaSchedule =  [default]
colvars:   # lambdaExponent = 1 [default]
colvars:   The force constant for colvar "one" will be rescaled to 0.004 according to the specified width (0.5).
colvars: ----------------------------------------------------------------------
colvars: Collective variables biases initialized, 1 in total.
colvars: ----------------------------------------------------------------------
colvars: Collective variables module (re)initialized.
colvars: ----------------------------------------------------------------------
colvars: Frame 0
colvars: Warning: beginning from 2019-11-26 the XYZ file reader assumes Angstrom units.
colvars: Frame 1
colvars: Frame 2
colvars: Frame 3
colvars: Frame 4
colvars: Frame 5
colvars: Saving collective variables state to "test.out.colvars.state".
colvars: Done
<end of output>
Test time =   0.06 sec
----------------------------------------------------------
Test Passed.
"read_xyz_traj" end time: Jul 31 20:31 IDT
"read_xyz_traj" time elapsed: 00:00:00
----------------------------------------------------------

93/93 Testing: parse_error
93/93 Test: parse_error
Command: "/home/omrish/Documents/לימודים/LBT-Jeromes_lab/colvars/build/tests/unittests/parse_error"
Directory: /home/omrish/Documents/לימודים/LBT-Jeromes_lab/colvars/build/tests/unittests
"parse_error" start time: Jul 31 20:31 IDT
Output:
----------------------------------------------------------
colvars: ----------------------------------------------------------------------
colvars: Initializing the collective variables module, version 2025-05-12.
colvars: Please cite Fiorin et al, Mol Phys 2013:
  https://doi.org/10.1080/00268976.2013.813594
as well as all other papers listed below for individual features used.
colvars: Summary of compile-time features available in this build:
colvars:   - C++ language version: 201103
colvars:   - Multiple replicas: not available
colvars:   - Lepton custom functions: not available
colvars:   - Tcl interpreter: not available
colvars: Using minimal testing interface.
colvars: The final output state file will be "test.out.colvars.state".
colvars: ----------------------------------------------------------------------
colvars: Reading new configuration from file "test_error.in":
colvars: # units = "" [default]
colvars: # indexFile = "index.ndx"
colvars: The following index groups are currently defined:
colvars:   Protein (104 atoms)
colvars:   Protein_noH (51 atoms)
colvars:   Protein_Backbone (40 atoms)
colvars:   Protein_C-alpha (10 atoms)
colvars:   RMSD_atoms (10 atoms)
colvars:   Protein_C-alpha_1_2 (2 atoms)
colvars:   Protein_C-alpha_9_10 (2 atoms)
colvars:   Protein_C-alpha_1 (1 atoms)
colvars:   group1 (4 atoms)
colvars:   Protein_C-alpha_2 (1 atoms)
colvars:   group2 (4 atoms)
colvars:   Protein_C-alpha_3 (1 atoms)
colvars:   group3 (4 atoms)
colvars:   Protein_C-alpha_4 (1 atoms)
colvars:   group4 (4 atoms)
colvars:   Protein_C-alpha_5 (1 atoms)
colvars:   group5 (4 atoms)
colvars:   Protein_C-alpha_6 (1 atoms)
colvars:   group6 (4 atoms)
colvars:   Protein_C-alpha_7 (1 atoms)
colvars:   group7 (4 atoms)
colvars:   Protein_C-alpha_8 (1 atoms)
colvars:   group8 (4 atoms)
colvars:   Protein_C-alpha_9 (1 atoms)
colvars:   group9 (4 atoms)
colvars:   Protein_C-alpha_10 (1 atoms)
colvars:   group10 (4 atoms)
colvars:   heavy_atoms (51 atoms)
colvars: # smp = "cvcs" [default]
colvars: SMP parallelism will be applied to Colvars components.
colvars:   - SMP parallelism: enabled (num. threads = 8)
colvars: # colvarsTrajFrequency = 1
colvars: # colvarsRestartFrequency = 10
colvars: # scriptedColvarForces = off [default]
colvars: # scriptingAfterBiases = off [default]
colvars: ----------------------------------------------------------------------
colvars:   Initializing a new collective variable.
colvars:   # name = "one"
colvars:     Initializing a new "distance" component.
colvars:     # name = "" [default]
colvars:     # componentCoeff = 1 [default]
colvars:     # componentExp = 1 [default]
colvars:     # period = 0 [default]
colvars:     # wrapAround = 0 [default]
colvars:     # forceNoPBC = off [default]
colvars:     # scalable = on [default]
colvars:       Initializing atom group "group1".
colvars:       # name = "" [default]
colvars:       # centerToOrigin = off [default]
colvars:       # centerToReference = off [default]
colvars:       # rotateToReference = off [default]
colvars:       # atomsOfGroup = "" [default]
colvars:       # indexGroup = "group1"
colvars:       # psfSegID =  [default]
colvars:       # atomsFile = "" [default]
colvars:       # dummyAtom = ( 0 , 0 , 0 ) [default]
colvars:       # enableFitGradients = on [default]
colvars:       # printAtomIDs = off [default]
colvars:       Atom group "group1" defined with 4 atoms requested: total mass = 4, total charge = 0.
colvars:       Error: keyword "wrongkeyword" is not supported, or not recognized in this context.
colvars:       Initializing atom group "group2".
colvars:       # name = "" [default]
colvars:       # centerToOrigin = off [default]
colvars:       # centerToReference = off [default]
colvars:       # rotateToReference = off [default]
colvars:       # atomsOfGroup = "" [default]
colvars:       # indexGroup = "group2"
colvars:       # psfSegID =  [default]
colvars:       # atomsFile = "" [default]
colvars:       Error: in definition of atom group "group2".
colvars:   Error: in setting up component "distance".
colvars:   Failed to initialize distance with the following configuration:
colvars:   
    name one
    outputAppliedForce on
    width 0.5
    distance {
        group1 {
            indexGroup group1
            wrongKeyword
        }
        group2 {
            indexGroup group2
        }
    }
colvars:   Error while constructing colvar number 1 : deleting.
<end of output>
Test time =   0.01 sec
----------------------------------------------------------
Test Passed.
"parse_error" end time: Jul 31 20:31 IDT
"parse_error" time elapsed: 00:00:00
----------------------------------------------------------

End testing: Jul 31 20:31 IDT
